02-Jul-2024 10:02:03.577 INFO [main] org.apache.catalina.startup.VersionLoggerListener.log Nombre de la versión del servidor: Apache Tomcat/9.0.87
02-Jul-2024 10:02:03.583 INFO [main] org.apache.catalina.startup.VersionLoggerListener.log Server built:                      Mar 11 2024 10:12:34 UTC
02-Jul-2024 10:02:03.583 INFO [main] org.apache.catalina.startup.VersionLoggerListener.log Número de versión de servidor:     9.0.87.0
02-Jul-2024 10:02:03.583 INFO [main] org.apache.catalina.startup.VersionLoggerListener.log OS Name:                           Windows 10
02-Jul-2024 10:02:03.584 INFO [main] org.apache.catalina.startup.VersionLoggerListener.log Versión de Systema Operativo:      10.0
02-Jul-2024 10:02:03.584 INFO [main] org.apache.catalina.startup.VersionLoggerListener.log Arquitectura:                      amd64
02-Jul-2024 10:02:03.584 INFO [main] org.apache.catalina.startup.VersionLoggerListener.log Java Home:                         C:\Program Files\Java\jdk-17
02-Jul-2024 10:02:03.584 INFO [main] org.apache.catalina.startup.VersionLoggerListener.log JVM Version:                       17.0.9+11-LTS-201
02-Jul-2024 10:02:03.584 INFO [main] org.apache.catalina.startup.VersionLoggerListener.log Vededor JVM:                       Oracle Corporation
02-Jul-2024 10:02:03.585 INFO [main] org.apache.catalina.startup.VersionLoggerListener.log CATALINA_BASE:                     C:\Users\jonii\OneDrive\Documentos\NetBeansProjects\ConsultorioOdontologico\apache-tomcat-9.0.87
02-Jul-2024 10:02:03.585 INFO [main] org.apache.catalina.startup.VersionLoggerListener.log CATALINA_HOME:                     C:\Users\jonii\OneDrive\Documentos\NetBeansProjects\ConsultorioOdontologico\apache-tomcat-9.0.87
02-Jul-2024 10:02:03.600 INFO [main] org.apache.catalina.startup.VersionLoggerListener.log Command line argument:             --add-opens=java.base/java.lang=ALL-UNNAMED
02-Jul-2024 10:02:03.600 INFO [main] org.apache.catalina.startup.VersionLoggerListener.log Command line argument:             --add-opens=java.base/java.io=ALL-UNNAMED
02-Jul-2024 10:02:03.600 INFO [main] org.apache.catalina.startup.VersionLoggerListener.log Command line argument:             --add-opens=java.base/java.util=ALL-UNNAMED
02-Jul-2024 10:02:03.600 INFO [main] org.apache.catalina.startup.VersionLoggerListener.log Command line argument:             --add-opens=java.base/java.util.concurrent=ALL-UNNAMED
02-Jul-2024 10:02:03.601 INFO [main] org.apache.catalina.startup.VersionLoggerListener.log Command line argument:             --add-opens=java.rmi/sun.rmi.transport=ALL-UNNAMED
02-Jul-2024 10:02:03.601 INFO [main] org.apache.catalina.startup.VersionLoggerListener.log Command line argument:             -Djava.util.logging.config.file=C:\Users\jonii\OneDrive\Documentos\NetBeansProjects\ConsultorioOdontologico\apache-tomcat-9.0.87\conf\logging.properties
02-Jul-2024 10:02:03.601 INFO [main] org.apache.catalina.startup.VersionLoggerListener.log Command line argument:             -Djava.util.logging.manager=org.apache.juli.ClassLoaderLogManager
02-Jul-2024 10:02:03.602 INFO [main] org.apache.catalina.startup.VersionLoggerListener.log Command line argument:             -Dhttp.nonProxyHosts=localhost|127.0.0.1|DESKTOP-OQT02N7
02-Jul-2024 10:02:03.603 INFO [main] org.apache.catalina.startup.VersionLoggerListener.log Command line argument:             -Djdk.tls.ephemeralDHKeySize=2048
02-Jul-2024 10:02:03.603 INFO [main] org.apache.catalina.startup.VersionLoggerListener.log Command line argument:             -Djava.protocol.handler.pkgs=org.apache.catalina.webresources
02-Jul-2024 10:02:03.604 INFO [main] org.apache.catalina.startup.VersionLoggerListener.log Command line argument:             -Dignore.endorsed.dirs=
02-Jul-2024 10:02:03.604 INFO [main] org.apache.catalina.startup.VersionLoggerListener.log Command line argument:             -Dcatalina.base=C:\Users\jonii\OneDrive\Documentos\NetBeansProjects\ConsultorioOdontologico\apache-tomcat-9.0.87
02-Jul-2024 10:02:03.604 INFO [main] org.apache.catalina.startup.VersionLoggerListener.log Command line argument:             -Dcatalina.home=C:\Users\jonii\OneDrive\Documentos\NetBeansProjects\ConsultorioOdontologico\apache-tomcat-9.0.87
02-Jul-2024 10:02:03.625 INFO [main] org.apache.catalina.startup.VersionLoggerListener.log Command line argument:             -Djava.io.tmpdir=C:\Users\jonii\OneDrive\Documentos\NetBeansProjects\ConsultorioOdontologico\apache-tomcat-9.0.87\temp
02-Jul-2024 10:02:03.631 INFO [main] org.apache.catalina.core.AprLifecycleListener.lifecycleEvent Cargada la biblioteca nativa APR de Apache Tomcat [1.3.0] con la versión APR [1.7.4].
02-Jul-2024 10:02:03.631 INFO [main] org.apache.catalina.core.AprLifecycleListener.lifecycleEvent Capacidades APR: IPv6 [true], enviar fichero [true], aceptar filtros [false], aleatorio [true], UDS [true].
02-Jul-2024 10:02:03.631 INFO [main] org.apache.catalina.core.AprLifecycleListener.lifecycleEvent APR/OpenSSL configuration: useAprConnector [false], useOpenSSL [true]
02-Jul-2024 10:02:03.635 INFO [main] org.apache.catalina.core.AprLifecycleListener.initializeSSL OpenSSL inicializado correctamente [OpenSSL 3.0.13 30 Jan 2024]
02-Jul-2024 10:02:04.161 INFO [main] org.apache.coyote.AbstractProtocol.init Inicializando el manejador de protocolo ["http-nio-8080"]

02-Jul-2024 10:02:04.194 INFO [main] org.apache.catalina.startup.Catalina.load Server initialization in [1009] milliseconds
02-Jul-2024 10:02:04.293 INFO [main] org.apache.catalina.core.StandardService.startInternal Arrancando servicio [Catalina]
02-Jul-2024 10:02:04.293 INFO [main] org.apache.catalina.core.StandardEngine.startInternal Starting Servlet engine: [Apache Tomcat/9.0.87]
02-Jul-2024 10:02:04.314 INFO [main] org.apache.catalina.startup.HostConfig.deployDescriptor Desplieque del descriptor de configuración [C:\Users\jonii\OneDrive\Documentos\NetBeansProjects\ConsultorioOdontologico\apache-tomcat-9.0.87\conf\Catalina\localhost\ConsultorioOdontologico.xml]
02-Jul-2024 10:02:04.353 WARNING [main] org.apache.catalina.startup.HostConfig.deployDescriptor The path attribute with value [/ConsultorioOdontologico] in deployment descriptor [C:\Users\jonii\OneDrive\Documentos\NetBeansProjects\ConsultorioOdontologico\apache-tomcat-9.0.87\conf\Catalina\localhost\ConsultorioOdontologico.xml] has been ignored
02-Jul-2024 10:02:08.042 WARNING [main] java.util.ArrayList.forEach Name = data Property maxActive is not used in DBCP2, use maxTotal instead. maxTotal default value is 8. You have set value of "20" for "maxActive" property, which is being ignored.
02-Jul-2024 10:02:08.074 WARNING [main] java.util.ArrayList.forEach Name = data Property maxWait is not used in DBCP2 , use maxWaitMillis instead. maxWaitMillis default value is PT-0.001S. You have set value of "-1" for "maxWait" property, which is being ignored.
02-Jul-2024 10:02:08.191 INFO [main] org.apache.jasper.servlet.TldScanner.scanJars Al menos un JAR, que se ha explorado buscando TLDs, aún no contenía TLDs. Activar historial de depuración para este historiador para una completa lista de los JARs que fueron explorados y de los que nos se halló TLDs. Saltarse JARs no necesarios durante la exploración puede dar lugar a una mejora de tiempo significativa en el arranque y compilación de JSP .
02-Jul-2024 10:02:08.351 INFO [main] org.apache.catalina.startup.HostConfig.deployDescriptor Deployment of deployment descriptor [C:\Users\jonii\OneDrive\Documentos\NetBeansProjects\ConsultorioOdontologico\apache-tomcat-9.0.87\conf\Catalina\localhost\ConsultorioOdontologico.xml] has finished in [4.038] ms
02-Jul-2024 10:02:08.351 INFO [main] org.apache.catalina.startup.HostConfig.deployDescriptor Desplieque del descriptor de configuración [C:\Users\jonii\OneDrive\Documentos\NetBeansProjects\ConsultorioOdontologico\apache-tomcat-9.0.87\conf\Catalina\localhost\PruebasFrontBack.xml]
02-Jul-2024 10:02:08.369 WARNING [main] org.apache.catalina.startup.HostConfig.deployDescriptor The path attribute with value [/PruebasFrontBack] in deployment descriptor [C:\Users\jonii\OneDrive\Documentos\NetBeansProjects\ConsultorioOdontologico\apache-tomcat-9.0.87\conf\Catalina\localhost\PruebasFrontBack.xml] has been ignored
02-Jul-2024 10:02:08.384 SEVERE [main] org.apache.catalina.startup.HostConfig.deployDescriptor Error durante el despliegue del descriptor de configuración [C:\Users\jonii\OneDrive\Documentos\NetBeansProjects\ConsultorioOdontologico\apache-tomcat-9.0.87\conf\Catalina\localhost\PruebasFrontBack.xml]
	java.lang.IllegalStateException: Error starting child
		at org.apache.catalina.core.ContainerBase.addChildInternal(ContainerBase.java:686)
		at org.apache.catalina.core.ContainerBase.addChild(ContainerBase.java:658)
		at org.apache.catalina.core.StandardHost.addChild(StandardHost.java:661)
		at org.apache.catalina.startup.HostConfig.deployDescriptor(HostConfig.java:680)
		at org.apache.catalina.startup.HostConfig$DeployDescriptor.run(HostConfig.java:1844)
		at java.base/java.util.concurrent.Executors$RunnableAdapter.call(Executors.java:539)
		at java.base/java.util.concurrent.FutureTask.run(FutureTask.java:264)
		at org.apache.tomcat.util.threads.InlineExecutorService.execute(InlineExecutorService.java:75)
		at java.base/java.util.concurrent.AbstractExecutorService.submit(AbstractExecutorService.java:123)
		at org.apache.catalina.startup.HostConfig.deployDescriptors(HostConfig.java:575)
		at org.apache.catalina.startup.HostConfig.deployApps(HostConfig.java:466)
		at org.apache.catalina.startup.HostConfig.start(HostConfig.java:1584)
		at org.apache.catalina.startup.HostConfig.lifecycleEvent(HostConfig.java:312)
		at org.apache.catalina.util.LifecycleBase.fireLifecycleEvent(LifecycleBase.java:114)
		at org.apache.catalina.util.LifecycleBase.setStateInternal(LifecycleBase.java:402)
		at org.apache.catalina.util.LifecycleBase.setState(LifecycleBase.java:345)
		at org.apache.catalina.core.ContainerBase.startInternal(ContainerBase.java:893)
		at org.apache.catalina.core.StandardHost.startInternal(StandardHost.java:794)
		at org.apache.catalina.util.LifecycleBase.start(LifecycleBase.java:171)
		at org.apache.catalina.core.ContainerBase$StartChild.call(ContainerBase.java:1332)
		at org.apache.catalina.core.ContainerBase$StartChild.call(ContainerBase.java:1322)
		at java.base/java.util.concurrent.FutureTask.run(FutureTask.java:264)
		at org.apache.tomcat.util.threads.InlineExecutorService.execute(InlineExecutorService.java:75)
		at java.base/java.util.concurrent.AbstractExecutorService.submit(AbstractExecutorService.java:145)
		at org.apache.catalina.core.ContainerBase.startInternal(ContainerBase.java:866)
		at org.apache.catalina.core.StandardEngine.startInternal(StandardEngine.java:248)
		at org.apache.catalina.util.LifecycleBase.start(LifecycleBase.java:171)
		at org.apache.catalina.core.StandardService.startInternal(StandardService.java:433)
		at org.apache.catalina.util.LifecycleBase.start(LifecycleBase.java:171)
		at org.apache.catalina.core.StandardServer.startInternal(StandardServer.java:925)
		at org.apache.catalina.util.LifecycleBase.start(LifecycleBase.java:171)
		at org.apache.catalina.startup.Catalina.start(Catalina.java:735)
		at java.base/jdk.internal.reflect.NativeMethodAccessorImpl.invoke0(Native Method)
		at java.base/jdk.internal.reflect.NativeMethodAccessorImpl.invoke(NativeMethodAccessorImpl.java:77)
		at java.base/jdk.internal.reflect.DelegatingMethodAccessorImpl.invoke(DelegatingMethodAccessorImpl.java:43)
		at java.base/java.lang.reflect.Method.invoke(Method.java:568)
		at org.apache.catalina.startup.Bootstrap.start(Bootstrap.java:345)
		at org.apache.catalina.startup.Bootstrap.main(Bootstrap.java:473)
	Caused by: org.apache.catalina.LifecycleException: Failed to start component [org.apache.catalina.webresources.StandardRoot@4805069b]
		at org.apache.catalina.util.LifecycleBase.handleSubClassException(LifecycleBase.java:419)
		at org.apache.catalina.util.LifecycleBase.start(LifecycleBase.java:186)
		at org.apache.catalina.core.StandardContext.resourcesStart(StandardContext.java:4575)
		at org.apache.catalina.core.StandardContext.startInternal(StandardContext.java:4708)
		at org.apache.catalina.util.LifecycleBase.start(LifecycleBase.java:171)
		at org.apache.catalina.core.ContainerBase.addChildInternal(ContainerBase.java:683)
		... 37 more
	Caused by: java.lang.IllegalArgumentException: The main resource set specified [C:\Users\jonii\OneDrive\Documentos\NetBeansProjects\PruebasFrontBack\target\PruebasFrontBack-1.0-SNAPSHOT] is not a directory or war file, or is not readable (it does not exist or permissions to access it are missing)
		at org.apache.catalina.webresources.StandardRoot.createMainResourceSet(StandardRoot.java:749)
		at org.apache.catalina.webresources.StandardRoot.startInternal(StandardRoot.java:707)
		at org.apache.catalina.util.LifecycleBase.start(LifecycleBase.java:171)
		... 41 more
02-Jul-2024 10:02:08.421 INFO [main] org.apache.catalina.startup.HostConfig.deployDescriptor Deployment of deployment descriptor [C:\Users\jonii\OneDrive\Documentos\NetBeansProjects\ConsultorioOdontologico\apache-tomcat-9.0.87\conf\Catalina\localhost\PruebasFrontBack.xml] has finished in [70] ms
02-Jul-2024 10:02:08.421 INFO [main] org.apache.catalina.startup.HostConfig.deployDescriptor Desplieque del descriptor de configuración [C:\Users\jonii\OneDrive\Documentos\NetBeansProjects\ConsultorioOdontologico\apache-tomcat-9.0.87\conf\Catalina\localhost\SistemaRegistroDetendosPenales.xml]
02-Jul-2024 10:02:08.421 WARNING [main] org.apache.catalina.startup.HostConfig.deployDescriptor The path attribute with value [/SistemaRegistroDetendosPenales] in deployment descriptor [C:\Users\jonii\OneDrive\Documentos\NetBeansProjects\ConsultorioOdontologico\apache-tomcat-9.0.87\conf\Catalina\localhost\SistemaRegistroDetendosPenales.xml] has been ignored
02-Jul-2024 10:02:10.679 INFO [main] org.apache.jasper.servlet.TldScanner.scanJars Al menos un JAR, que se ha explorado buscando TLDs, aún no contenía TLDs. Activar historial de depuración para este historiador para una completa lista de los JARs que fueron explorados y de los que nos se halló TLDs. Saltarse JARs no necesarios durante la exploración puede dar lugar a una mejora de tiempo significativa en el arranque y compilación de JSP .
02-Jul-2024 10:02:10.700 INFO [main] org.apache.catalina.startup.HostConfig.deployDescriptor Deployment of deployment descriptor [C:\Users\jonii\OneDrive\Documentos\NetBeansProjects\ConsultorioOdontologico\apache-tomcat-9.0.87\conf\Catalina\localhost\SistemaRegistroDetendosPenales.xml] has finished in [2.278] ms
02-Jul-2024 10:02:10.701 INFO [main] org.apache.catalina.startup.HostConfig.deployDirectory Desplegando el directorio [C:\Users\jonii\OneDrive\Documentos\NetBeansProjects\ConsultorioOdontologico\apache-tomcat-9.0.87\webapps\docs] de la aplicación web
02-Jul-2024 10:02:11.464 INFO [main] org.apache.jasper.servlet.TldScanner.scanJars Al menos un JAR, que se ha explorado buscando TLDs, aún no contenía TLDs. Activar historial de depuración para este historiador para una completa lista de los JARs que fueron explorados y de los que nos se halló TLDs. Saltarse JARs no necesarios durante la exploración puede dar lugar a una mejora de tiempo significativa en el arranque y compilación de JSP .
02-Jul-2024 10:02:11.464 INFO [main] org.apache.catalina.startup.HostConfig.deployDirectory Deployment of web application directory [C:\Users\jonii\OneDrive\Documentos\NetBeansProjects\ConsultorioOdontologico\apache-tomcat-9.0.87\webapps\docs] has finished in [764] ms
02-Jul-2024 10:02:11.464 INFO [main] org.apache.catalina.startup.HostConfig.deployDirectory Desplegando el directorio [C:\Users\jonii\OneDrive\Documentos\NetBeansProjects\ConsultorioOdontologico\apache-tomcat-9.0.87\webapps\examples] de la aplicación web
02-Jul-2024 10:02:12.555 INFO [main] org.apache.jasper.servlet.TldScanner.scanJars Al menos un JAR, que se ha explorado buscando TLDs, aún no contenía TLDs. Activar historial de depuración para este historiador para una completa lista de los JARs que fueron explorados y de los que nos se halló TLDs. Saltarse JARs no necesarios durante la exploración puede dar lugar a una mejora de tiempo significativa en el arranque y compilación de JSP .
02-Jul-2024 10:02:12.670 INFO [main] org.apache.catalina.startup.HostConfig.deployDirectory Deployment of web application directory [C:\Users\jonii\OneDrive\Documentos\NetBeansProjects\ConsultorioOdontologico\apache-tomcat-9.0.87\webapps\examples] has finished in [1.204] ms
02-Jul-2024 10:02:12.670 INFO [main] org.apache.catalina.startup.HostConfig.deployDirectory Desplegando el directorio [C:\Users\jonii\OneDrive\Documentos\NetBeansProjects\ConsultorioOdontologico\apache-tomcat-9.0.87\webapps\host-manager] de la aplicación web
02-Jul-2024 10:02:13.341 INFO [main] org.apache.jasper.servlet.TldScanner.scanJars Al menos un JAR, que se ha explorado buscando TLDs, aún no contenía TLDs. Activar historial de depuración para este historiador para una completa lista de los JARs que fueron explorados y de los que nos se halló TLDs. Saltarse JARs no necesarios durante la exploración puede dar lugar a una mejora de tiempo significativa en el arranque y compilación de JSP .
02-Jul-2024 10:02:13.353 INFO [main] org.apache.catalina.startup.HostConfig.deployDirectory Deployment of web application directory [C:\Users\jonii\OneDrive\Documentos\NetBeansProjects\ConsultorioOdontologico\apache-tomcat-9.0.87\webapps\host-manager] has finished in [683] ms
02-Jul-2024 10:02:13.353 INFO [main] org.apache.catalina.startup.HostConfig.deployDirectory Desplegando el directorio [C:\Users\jonii\OneDrive\Documentos\NetBeansProjects\ConsultorioOdontologico\apache-tomcat-9.0.87\webapps\manager] de la aplicación web
02-Jul-2024 10:02:13.970 INFO [main] org.apache.jasper.servlet.TldScanner.scanJars Al menos un JAR, que se ha explorado buscando TLDs, aún no contenía TLDs. Activar historial de depuración para este historiador para una completa lista de los JARs que fueron explorados y de los que nos se halló TLDs. Saltarse JARs no necesarios durante la exploración puede dar lugar a una mejora de tiempo significativa en el arranque y compilación de JSP .
02-Jul-2024 10:02:13.985 INFO [main] org.apache.catalina.startup.HostConfig.deployDirectory Deployment of web application directory [C:\Users\jonii\OneDrive\Documentos\NetBeansProjects\ConsultorioOdontologico\apache-tomcat-9.0.87\webapps\manager] has finished in [632] ms
02-Jul-2024 10:02:13.986 INFO [main] org.apache.catalina.startup.HostConfig.deployDirectory Desplegando el directorio [C:\Users\jonii\OneDrive\Documentos\NetBeansProjects\ConsultorioOdontologico\apache-tomcat-9.0.87\webapps\ROOT] de la aplicación web
02-Jul-2024 10:02:14.588 INFO [main] org.apache.jasper.servlet.TldScanner.scanJars Al menos un JAR, que se ha explorado buscando TLDs, aún no contenía TLDs. Activar historial de depuración para este historiador para una completa lista de los JARs que fueron explorados y de los que nos se halló TLDs. Saltarse JARs no necesarios durante la exploración puede dar lugar a una mejora de tiempo significativa en el arranque y compilación de JSP .
02-Jul-2024 10:02:14.594 INFO [main] org.apache.catalina.startup.HostConfig.deployDirectory Deployment of web application directory [C:\Users\jonii\OneDrive\Documentos\NetBeansProjects\ConsultorioOdontologico\apache-tomcat-9.0.87\webapps\ROOT] has finished in [607] ms
02-Jul-2024 10:02:14.601 INFO [main] org.apache.coyote.AbstractProtocol.start Starting ProtocolHandler ["http-nio-8080"]
02-Jul-2024 10:02:14.697 INFO [main] org.apache.catalina.startup.Catalina.start Server startup in [10503] milliseconds
02-Jul-2024 10:02:16.974 INFO [http-nio-8080-exec-1] org.apache.catalina.startup.HostConfig.undeploy Repliegue (undeploy) de la aplicación web que tiene como trayectoria de contexto []
02-Jul-2024 10:06:01.864 INFO [main] org.apache.catalina.core.StandardServer.await Se ha recibido un comando de apagado a través del puerto de apagado. Parando la instancia del Servidor.
02-Jul-2024 10:06:01.864 INFO [main] org.apache.coyote.AbstractProtocol.pause Pausing ProtocolHandler ["http-nio-8080"]
02-Jul-2024 10:06:01.879 INFO [main] org.apache.catalina.core.StandardService.stopInternal Parando servicio [Catalina]
02-Jul-2024 10:06:01.911 WARNING [main] org.apache.catalina.loader.WebappClassLoaderBase.clearReferencesThreads The web application [ConsultorioOdontologico] appears to have started a thread named [mysql-cj-abandoned-connection-cleanup] but has failed to stop it. This is very likely to create a memory leak. Stack trace of thread:
 java.base@17.0.9/java.util.concurrent.ConcurrentHashMap.replaceNode(ConcurrentHashMap.java:1130)
 java.base@17.0.9/java.util.concurrent.ConcurrentHashMap.remove(ConcurrentHashMap.java:1102)
 org.apache.catalina.webresources.Cache.removeCacheEntry(Cache.java:261)
 org.apache.catalina.webresources.Cache.getResource(Cache.java:79)
 org.apache.catalina.webresources.StandardRoot.getResource(StandardRoot.java:211)
 org.apache.catalina.webresources.StandardRoot.getClassLoaderResource(StandardRoot.java:220)
 org.apache.catalina.loader.WebappClassLoaderBase.findResource(WebappClassLoaderBase.java:885)
 org.apache.catalina.loader.WebappClassLoaderBase.getResource(WebappClassLoaderBase.java:1002)
 com.mysql.cj.jdbc.AbandonedConnectionCleanupThread.checkThreadContextClassLoader(AbandonedConnectionCleanupThread.java:123)
 com.mysql.cj.jdbc.AbandonedConnectionCleanupThread.run(AbandonedConnectionCleanupThread.java:90)
 java.base@17.0.9/java.util.concurrent.ThreadPoolExecutor.runWorker(ThreadPoolExecutor.java:1136)
 java.base@17.0.9/java.util.concurrent.ThreadPoolExecutor$Worker.run(ThreadPoolExecutor.java:635)
 java.base@17.0.9/java.lang.Thread.run(Thread.java:842)
02-Jul-2024 10:06:01.943 WARNING [main] org.apache.catalina.loader.WebappClassLoaderBase.clearReferencesThreads The web application [SistemaRegistroDetendosPenales] appears to have started a thread named [mysql-cj-abandoned-connection-cleanup] but has failed to stop it. This is very likely to create a memory leak. Stack trace of thread:
 com.mysql.cj.jdbc.AbandonedConnectionCleanupThread.run(AbandonedConnectionCleanupThread.java:90)
 java.base@17.0.9/java.util.concurrent.ThreadPoolExecutor.runWorker(ThreadPoolExecutor.java:1136)
 java.base@17.0.9/java.util.concurrent.ThreadPoolExecutor$Worker.run(ThreadPoolExecutor.java:635)
 java.base@17.0.9/java.lang.Thread.run(Thread.java:842)
02-Jul-2024 10:06:01.953 INFO [main] org.apache.coyote.AbstractProtocol.stop Stopping ProtocolHandler ["http-nio-8080"]
02-Jul-2024 10:06:01.962 INFO [main] org.apache.coyote.AbstractProtocol.destroy Destroying ProtocolHandler ["http-nio-8080"]
