11-Jul-2024 10:39:37.291 INFO [main] org.apache.catalina.startup.VersionLoggerListener.log Nombre de la versión del servidor: Apache Tomcat/9.0.87
11-Jul-2024 10:39:37.302 INFO [main] org.apache.catalina.startup.VersionLoggerListener.log Server built:                      Mar 11 2024 10:12:34 UTC
11-Jul-2024 10:39:37.302 INFO [main] org.apache.catalina.startup.VersionLoggerListener.log Número de versión de servidor:     9.0.87.0
11-Jul-2024 10:39:37.302 INFO [main] org.apache.catalina.startup.VersionLoggerListener.log OS Name:                           Windows 10
11-Jul-2024 10:39:37.303 INFO [main] org.apache.catalina.startup.VersionLoggerListener.log Versión de Systema Operativo:      10.0
11-Jul-2024 10:39:37.304 INFO [main] org.apache.catalina.startup.VersionLoggerListener.log Arquitectura:                      amd64
11-Jul-2024 10:39:37.304 INFO [main] org.apache.catalina.startup.VersionLoggerListener.log Java Home:                         C:\Program Files\Java\jdk-17
11-Jul-2024 10:39:37.304 INFO [main] org.apache.catalina.startup.VersionLoggerListener.log JVM Version:                       17.0.9+11-LTS-201
11-Jul-2024 10:39:37.304 INFO [main] org.apache.catalina.startup.VersionLoggerListener.log Vededor JVM:                       Oracle Corporation
11-Jul-2024 10:39:37.305 INFO [main] org.apache.catalina.startup.VersionLoggerListener.log CATALINA_BASE:                     C:\Users\jonii\OneDrive\Documentos\NetBeansProjects\ConsultorioOdontologico\apache-tomcat-9.0.87
11-Jul-2024 10:39:37.305 INFO [main] org.apache.catalina.startup.VersionLoggerListener.log CATALINA_HOME:                     C:\Users\jonii\OneDrive\Documentos\NetBeansProjects\ConsultorioOdontologico\apache-tomcat-9.0.87
11-Jul-2024 10:39:37.352 INFO [main] org.apache.catalina.startup.VersionLoggerListener.log Command line argument:             --add-opens=java.base/java.lang=ALL-UNNAMED
11-Jul-2024 10:39:37.352 INFO [main] org.apache.catalina.startup.VersionLoggerListener.log Command line argument:             --add-opens=java.base/java.io=ALL-UNNAMED
11-Jul-2024 10:39:37.353 INFO [main] org.apache.catalina.startup.VersionLoggerListener.log Command line argument:             --add-opens=java.base/java.util=ALL-UNNAMED
11-Jul-2024 10:39:37.353 INFO [main] org.apache.catalina.startup.VersionLoggerListener.log Command line argument:             --add-opens=java.base/java.util.concurrent=ALL-UNNAMED
11-Jul-2024 10:39:37.353 INFO [main] org.apache.catalina.startup.VersionLoggerListener.log Command line argument:             --add-opens=java.rmi/sun.rmi.transport=ALL-UNNAMED
11-Jul-2024 10:39:37.353 INFO [main] org.apache.catalina.startup.VersionLoggerListener.log Command line argument:             -Djava.util.logging.config.file=C:\Users\jonii\OneDrive\Documentos\NetBeansProjects\ConsultorioOdontologico\apache-tomcat-9.0.87\conf\logging.properties
11-Jul-2024 10:39:37.354 INFO [main] org.apache.catalina.startup.VersionLoggerListener.log Command line argument:             -Djava.util.logging.manager=org.apache.juli.ClassLoaderLogManager
11-Jul-2024 10:39:37.354 INFO [main] org.apache.catalina.startup.VersionLoggerListener.log Command line argument:             -Dhttp.nonProxyHosts=localhost|127.0.0.1|DESKTOP-OQT02N7
11-Jul-2024 10:39:37.355 INFO [main] org.apache.catalina.startup.VersionLoggerListener.log Command line argument:             -Djdk.tls.ephemeralDHKeySize=2048
11-Jul-2024 10:39:37.355 INFO [main] org.apache.catalina.startup.VersionLoggerListener.log Command line argument:             -Djava.protocol.handler.pkgs=org.apache.catalina.webresources
11-Jul-2024 10:39:37.355 INFO [main] org.apache.catalina.startup.VersionLoggerListener.log Command line argument:             -Dignore.endorsed.dirs=
11-Jul-2024 10:39:37.355 INFO [main] org.apache.catalina.startup.VersionLoggerListener.log Command line argument:             -Dcatalina.base=C:\Users\jonii\OneDrive\Documentos\NetBeansProjects\ConsultorioOdontologico\apache-tomcat-9.0.87
11-Jul-2024 10:39:37.355 INFO [main] org.apache.catalina.startup.VersionLoggerListener.log Command line argument:             -Dcatalina.home=C:\Users\jonii\OneDrive\Documentos\NetBeansProjects\ConsultorioOdontologico\apache-tomcat-9.0.87
11-Jul-2024 10:39:37.355 INFO [main] org.apache.catalina.startup.VersionLoggerListener.log Command line argument:             -Djava.io.tmpdir=C:\Users\jonii\OneDrive\Documentos\NetBeansProjects\ConsultorioOdontologico\apache-tomcat-9.0.87\temp
11-Jul-2024 10:39:37.363 INFO [main] org.apache.catalina.core.AprLifecycleListener.lifecycleEvent Cargada la biblioteca nativa APR de Apache Tomcat [1.3.0] con la versión APR [1.7.4].
11-Jul-2024 10:39:37.363 INFO [main] org.apache.catalina.core.AprLifecycleListener.lifecycleEvent Capacidades APR: IPv6 [true], enviar fichero [true], aceptar filtros [false], aleatorio [true], UDS [true].
11-Jul-2024 10:39:37.363 INFO [main] org.apache.catalina.core.AprLifecycleListener.lifecycleEvent APR/OpenSSL configuration: useAprConnector [false], useOpenSSL [true]
11-Jul-2024 10:39:37.374 INFO [main] org.apache.catalina.core.AprLifecycleListener.initializeSSL OpenSSL inicializado correctamente [OpenSSL 3.0.13 30 Jan 2024]
11-Jul-2024 10:39:38.013 INFO [main] org.apache.coyote.AbstractProtocol.init Inicializando el manejador de protocolo ["http-nio-8080"]

11-Jul-2024 10:39:38.062 INFO [main] org.apache.catalina.startup.Catalina.load Server initialization in [1221] milliseconds
11-Jul-2024 10:39:38.292 INFO [main] org.apache.catalina.core.StandardService.startInternal Arrancando servicio [Catalina]
11-Jul-2024 10:39:38.292 INFO [main] org.apache.catalina.core.StandardEngine.startInternal Starting Servlet engine: [Apache Tomcat/9.0.87]
11-Jul-2024 10:39:38.314 INFO [main] org.apache.catalina.startup.HostConfig.deployDescriptor Desplieque del descriptor de configuración [C:\Users\jonii\OneDrive\Documentos\NetBeansProjects\ConsultorioOdontologico\apache-tomcat-9.0.87\conf\Catalina\localhost\ConsultorioOdontologico.xml]
11-Jul-2024 10:39:38.361 WARNING [main] org.apache.catalina.startup.HostConfig.deployDescriptor The path attribute with value [/ConsultorioOdontologico] in deployment descriptor [C:\Users\jonii\OneDrive\Documentos\NetBeansProjects\ConsultorioOdontologico\apache-tomcat-9.0.87\conf\Catalina\localhost\ConsultorioOdontologico.xml] has been ignored
11-Jul-2024 10:39:42.771 WARNING [main] java.util.ArrayList.forEach Name = data Property maxActive is not used in DBCP2, use maxTotal instead. maxTotal default value is 8. You have set value of "20" for "maxActive" property, which is being ignored.
11-Jul-2024 10:39:42.771 WARNING [main] java.util.ArrayList.forEach Name = data Property maxWait is not used in DBCP2 , use maxWaitMillis instead. maxWaitMillis default value is PT-0.001S. You have set value of "-1" for "maxWait" property, which is being ignored.
11-Jul-2024 10:39:42.882 INFO [main] org.apache.jasper.servlet.TldScanner.scanJars Al menos un JAR, que se ha explorado buscando TLDs, aún no contenía TLDs. Activar historial de depuración para este historiador para una completa lista de los JARs que fueron explorados y de los que nos se halló TLDs. Saltarse JARs no necesarios durante la exploración puede dar lugar a una mejora de tiempo significativa en el arranque y compilación de JSP .
11-Jul-2024 10:39:43.031 INFO [main] org.apache.catalina.startup.HostConfig.deployDescriptor Deployment of deployment descriptor [C:\Users\jonii\OneDrive\Documentos\NetBeansProjects\ConsultorioOdontologico\apache-tomcat-9.0.87\conf\Catalina\localhost\ConsultorioOdontologico.xml] has finished in [4.715] ms
11-Jul-2024 10:39:43.031 INFO [main] org.apache.catalina.startup.HostConfig.deployDescriptor Desplieque del descriptor de configuración [C:\Users\jonii\OneDrive\Documentos\NetBeansProjects\ConsultorioOdontologico\apache-tomcat-9.0.87\conf\Catalina\localhost\PruebasFrontBack.xml]
11-Jul-2024 10:39:43.033 WARNING [main] org.apache.catalina.startup.HostConfig.deployDescriptor The path attribute with value [/PruebasFrontBack] in deployment descriptor [C:\Users\jonii\OneDrive\Documentos\NetBeansProjects\ConsultorioOdontologico\apache-tomcat-9.0.87\conf\Catalina\localhost\PruebasFrontBack.xml] has been ignored
11-Jul-2024 10:39:43.045 SEVERE [main] org.apache.catalina.startup.HostConfig.deployDescriptor Error durante el despliegue del descriptor de configuración [C:\Users\jonii\OneDrive\Documentos\NetBeansProjects\ConsultorioOdontologico\apache-tomcat-9.0.87\conf\Catalina\localhost\PruebasFrontBack.xml]
	java.lang.IllegalStateException: Error starting child
		at org.apache.catalina.core.ContainerBase.addChildInternal(ContainerBase.java:686)
		at org.apache.catalina.core.ContainerBase.addChild(ContainerBase.java:658)
		at org.apache.catalina.core.StandardHost.addChild(StandardHost.java:661)
		at org.apache.catalina.startup.HostConfig.deployDescriptor(HostConfig.java:680)
		at org.apache.catalina.startup.HostConfig$DeployDescriptor.run(HostConfig.java:1844)
		at java.base/java.util.concurrent.Executors$RunnableAdapter.call(Executors.java:539)
		at java.base/java.util.concurrent.FutureTask.run(FutureTask.java:264)
		at org.apache.tomcat.util.threads.InlineExecutorService.execute(InlineExecutorService.java:75)
		at java.base/java.util.concurrent.AbstractExecutorService.submit(AbstractExecutorService.java:123)
		at org.apache.catalina.startup.HostConfig.deployDescriptors(HostConfig.java:575)
		at org.apache.catalina.startup.HostConfig.deployApps(HostConfig.java:466)
		at org.apache.catalina.startup.HostConfig.start(HostConfig.java:1584)
		at org.apache.catalina.startup.HostConfig.lifecycleEvent(HostConfig.java:312)
		at org.apache.catalina.util.LifecycleBase.fireLifecycleEvent(LifecycleBase.java:114)
		at org.apache.catalina.util.LifecycleBase.setStateInternal(LifecycleBase.java:402)
		at org.apache.catalina.util.LifecycleBase.setState(LifecycleBase.java:345)
		at org.apache.catalina.core.ContainerBase.startInternal(ContainerBase.java:893)
		at org.apache.catalina.core.StandardHost.startInternal(StandardHost.java:794)
		at org.apache.catalina.util.LifecycleBase.start(LifecycleBase.java:171)
		at org.apache.catalina.core.ContainerBase$StartChild.call(ContainerBase.java:1332)
		at org.apache.catalina.core.ContainerBase$StartChild.call(ContainerBase.java:1322)
		at java.base/java.util.concurrent.FutureTask.run(FutureTask.java:264)
		at org.apache.tomcat.util.threads.InlineExecutorService.execute(InlineExecutorService.java:75)
		at java.base/java.util.concurrent.AbstractExecutorService.submit(AbstractExecutorService.java:145)
		at org.apache.catalina.core.ContainerBase.startInternal(ContainerBase.java:866)
		at org.apache.catalina.core.StandardEngine.startInternal(StandardEngine.java:248)
		at org.apache.catalina.util.LifecycleBase.start(LifecycleBase.java:171)
		at org.apache.catalina.core.StandardService.startInternal(StandardService.java:433)
		at org.apache.catalina.util.LifecycleBase.start(LifecycleBase.java:171)
		at org.apache.catalina.core.StandardServer.startInternal(StandardServer.java:925)
		at org.apache.catalina.util.LifecycleBase.start(LifecycleBase.java:171)
		at org.apache.catalina.startup.Catalina.start(Catalina.java:735)
		at java.base/jdk.internal.reflect.NativeMethodAccessorImpl.invoke0(Native Method)
		at java.base/jdk.internal.reflect.NativeMethodAccessorImpl.invoke(NativeMethodAccessorImpl.java:77)
		at java.base/jdk.internal.reflect.DelegatingMethodAccessorImpl.invoke(DelegatingMethodAccessorImpl.java:43)
		at java.base/java.lang.reflect.Method.invoke(Method.java:568)
		at org.apache.catalina.startup.Bootstrap.start(Bootstrap.java:345)
		at org.apache.catalina.startup.Bootstrap.main(Bootstrap.java:473)
	Caused by: org.apache.catalina.LifecycleException: Failed to start component [org.apache.catalina.webresources.StandardRoot@5358c8fa]
		at org.apache.catalina.util.LifecycleBase.handleSubClassException(LifecycleBase.java:419)
		at org.apache.catalina.util.LifecycleBase.start(LifecycleBase.java:186)
		at org.apache.catalina.core.StandardContext.resourcesStart(StandardContext.java:4575)
		at org.apache.catalina.core.StandardContext.startInternal(StandardContext.java:4708)
		at org.apache.catalina.util.LifecycleBase.start(LifecycleBase.java:171)
		at org.apache.catalina.core.ContainerBase.addChildInternal(ContainerBase.java:683)
		... 37 more
	Caused by: java.lang.IllegalArgumentException: The main resource set specified [C:\Users\jonii\OneDrive\Documentos\NetBeansProjects\PruebasFrontBack\target\PruebasFrontBack-1.0-SNAPSHOT] is not a directory or war file, or is not readable (it does not exist or permissions to access it are missing)
		at org.apache.catalina.webresources.StandardRoot.createMainResourceSet(StandardRoot.java:749)
		at org.apache.catalina.webresources.StandardRoot.startInternal(StandardRoot.java:707)
		at org.apache.catalina.util.LifecycleBase.start(LifecycleBase.java:171)
		... 41 more
11-Jul-2024 10:39:43.048 INFO [main] org.apache.catalina.startup.HostConfig.deployDescriptor Deployment of deployment descriptor [C:\Users\jonii\OneDrive\Documentos\NetBeansProjects\ConsultorioOdontologico\apache-tomcat-9.0.87\conf\Catalina\localhost\PruebasFrontBack.xml] has finished in [17] ms
11-Jul-2024 10:39:43.049 INFO [main] org.apache.catalina.startup.HostConfig.deployDescriptor Desplieque del descriptor de configuración [C:\Users\jonii\OneDrive\Documentos\NetBeansProjects\ConsultorioOdontologico\apache-tomcat-9.0.87\conf\Catalina\localhost\ROOT.xml]
11-Jul-2024 10:39:43.052 WARNING [main] org.apache.catalina.startup.HostConfig.deployDescriptor The path attribute with value [] in deployment descriptor [C:\Users\jonii\OneDrive\Documentos\NetBeansProjects\ConsultorioOdontologico\apache-tomcat-9.0.87\conf\Catalina\localhost\ROOT.xml] has been ignored
11-Jul-2024 10:39:43.067 SEVERE [main] org.apache.catalina.startup.HostConfig.deployDescriptor Error durante el despliegue del descriptor de configuración [C:\Users\jonii\OneDrive\Documentos\NetBeansProjects\ConsultorioOdontologico\apache-tomcat-9.0.87\conf\Catalina\localhost\ROOT.xml]
	java.lang.IllegalStateException: Error starting child
		at org.apache.catalina.core.ContainerBase.addChildInternal(ContainerBase.java:686)
		at org.apache.catalina.core.ContainerBase.addChild(ContainerBase.java:658)
		at org.apache.catalina.core.StandardHost.addChild(StandardHost.java:661)
		at org.apache.catalina.startup.HostConfig.deployDescriptor(HostConfig.java:680)
		at org.apache.catalina.startup.HostConfig$DeployDescriptor.run(HostConfig.java:1844)
		at java.base/java.util.concurrent.Executors$RunnableAdapter.call(Executors.java:539)
		at java.base/java.util.concurrent.FutureTask.run(FutureTask.java:264)
		at org.apache.tomcat.util.threads.InlineExecutorService.execute(InlineExecutorService.java:75)
		at java.base/java.util.concurrent.AbstractExecutorService.submit(AbstractExecutorService.java:123)
		at org.apache.catalina.startup.HostConfig.deployDescriptors(HostConfig.java:575)
		at org.apache.catalina.startup.HostConfig.deployApps(HostConfig.java:466)
		at org.apache.catalina.startup.HostConfig.start(HostConfig.java:1584)
		at org.apache.catalina.startup.HostConfig.lifecycleEvent(HostConfig.java:312)
		at org.apache.catalina.util.LifecycleBase.fireLifecycleEvent(LifecycleBase.java:114)
		at org.apache.catalina.util.LifecycleBase.setStateInternal(LifecycleBase.java:402)
		at org.apache.catalina.util.LifecycleBase.setState(LifecycleBase.java:345)
		at org.apache.catalina.core.ContainerBase.startInternal(ContainerBase.java:893)
		at org.apache.catalina.core.StandardHost.startInternal(StandardHost.java:794)
		at org.apache.catalina.util.LifecycleBase.start(LifecycleBase.java:171)
		at org.apache.catalina.core.ContainerBase$StartChild.call(ContainerBase.java:1332)
		at org.apache.catalina.core.ContainerBase$StartChild.call(ContainerBase.java:1322)
		at java.base/java.util.concurrent.FutureTask.run(FutureTask.java:264)
		at org.apache.tomcat.util.threads.InlineExecutorService.execute(InlineExecutorService.java:75)
		at java.base/java.util.concurrent.AbstractExecutorService.submit(AbstractExecutorService.java:145)
		at org.apache.catalina.core.ContainerBase.startInternal(ContainerBase.java:866)
		at org.apache.catalina.core.StandardEngine.startInternal(StandardEngine.java:248)
		at org.apache.catalina.util.LifecycleBase.start(LifecycleBase.java:171)
		at org.apache.catalina.core.StandardService.startInternal(StandardService.java:433)
		at org.apache.catalina.util.LifecycleBase.start(LifecycleBase.java:171)
		at org.apache.catalina.core.StandardServer.startInternal(StandardServer.java:925)
		at org.apache.catalina.util.LifecycleBase.start(LifecycleBase.java:171)
		at org.apache.catalina.startup.Catalina.start(Catalina.java:735)
		at java.base/jdk.internal.reflect.NativeMethodAccessorImpl.invoke0(Native Method)
		at java.base/jdk.internal.reflect.NativeMethodAccessorImpl.invoke(NativeMethodAccessorImpl.java:77)
		at java.base/jdk.internal.reflect.DelegatingMethodAccessorImpl.invoke(DelegatingMethodAccessorImpl.java:43)
		at java.base/java.lang.reflect.Method.invoke(Method.java:568)
		at org.apache.catalina.startup.Bootstrap.start(Bootstrap.java:345)
		at org.apache.catalina.startup.Bootstrap.main(Bootstrap.java:473)
	Caused by: org.apache.catalina.LifecycleException: Failed to start component [org.apache.catalina.webresources.StandardRoot@57bd9c2b]
		at org.apache.catalina.util.LifecycleBase.handleSubClassException(LifecycleBase.java:419)
		at org.apache.catalina.util.LifecycleBase.start(LifecycleBase.java:186)
		at org.apache.catalina.core.StandardContext.resourcesStart(StandardContext.java:4575)
		at org.apache.catalina.core.StandardContext.startInternal(StandardContext.java:4708)
		at org.apache.catalina.util.LifecycleBase.start(LifecycleBase.java:171)
		at org.apache.catalina.core.ContainerBase.addChildInternal(ContainerBase.java:683)
		... 37 more
	Caused by: java.lang.IllegalArgumentException: The main resource set specified [C:\Users\jonii\Downloads\inventiory\target\inventiory-0.0.1-SNAPSHOT] is not a directory or war file, or is not readable (it does not exist or permissions to access it are missing)
		at org.apache.catalina.webresources.StandardRoot.createMainResourceSet(StandardRoot.java:749)
		at org.apache.catalina.webresources.StandardRoot.startInternal(StandardRoot.java:707)
		at org.apache.catalina.util.LifecycleBase.start(LifecycleBase.java:171)
		... 41 more
11-Jul-2024 10:39:43.515 INFO [main] org.apache.catalina.startup.HostConfig.deployDescriptor Deployment of deployment descriptor [C:\Users\jonii\OneDrive\Documentos\NetBeansProjects\ConsultorioOdontologico\apache-tomcat-9.0.87\conf\Catalina\localhost\ROOT.xml] has finished in [466] ms
11-Jul-2024 10:39:43.516 INFO [main] org.apache.catalina.startup.HostConfig.deployDescriptor Desplieque del descriptor de configuración [C:\Users\jonii\OneDrive\Documentos\NetBeansProjects\ConsultorioOdontologico\apache-tomcat-9.0.87\conf\Catalina\localhost\SistemaRegistroDetendosPenales.xml]
11-Jul-2024 10:39:43.518 WARNING [main] org.apache.catalina.startup.HostConfig.deployDescriptor The path attribute with value [/SistemaRegistroDetendosPenales] in deployment descriptor [C:\Users\jonii\OneDrive\Documentos\NetBeansProjects\ConsultorioOdontologico\apache-tomcat-9.0.87\conf\Catalina\localhost\SistemaRegistroDetendosPenales.xml] has been ignored
11-Jul-2024 10:39:47.687 INFO [main] org.apache.jasper.servlet.TldScanner.scanJars Al menos un JAR, que se ha explorado buscando TLDs, aún no contenía TLDs. Activar historial de depuración para este historiador para una completa lista de los JARs que fueron explorados y de los que nos se halló TLDs. Saltarse JARs no necesarios durante la exploración puede dar lugar a una mejora de tiempo significativa en el arranque y compilación de JSP .
11-Jul-2024 10:39:47.695 INFO [main] org.apache.catalina.startup.HostConfig.deployDescriptor Deployment of deployment descriptor [C:\Users\jonii\OneDrive\Documentos\NetBeansProjects\ConsultorioOdontologico\apache-tomcat-9.0.87\conf\Catalina\localhost\SistemaRegistroDetendosPenales.xml] has finished in [4.180] ms
11-Jul-2024 10:39:47.697 INFO [main] org.apache.catalina.startup.HostConfig.deployDirectory Desplegando el directorio [C:\Users\jonii\OneDrive\Documentos\NetBeansProjects\ConsultorioOdontologico\apache-tomcat-9.0.87\webapps\docs] de la aplicación web
11-Jul-2024 10:39:48.464 INFO [main] org.apache.jasper.servlet.TldScanner.scanJars Al menos un JAR, que se ha explorado buscando TLDs, aún no contenía TLDs. Activar historial de depuración para este historiador para una completa lista de los JARs que fueron explorados y de los que nos se halló TLDs. Saltarse JARs no necesarios durante la exploración puede dar lugar a una mejora de tiempo significativa en el arranque y compilación de JSP .
11-Jul-2024 10:39:48.468 INFO [main] org.apache.catalina.startup.HostConfig.deployDirectory Deployment of web application directory [C:\Users\jonii\OneDrive\Documentos\NetBeansProjects\ConsultorioOdontologico\apache-tomcat-9.0.87\webapps\docs] has finished in [772] ms
11-Jul-2024 10:39:48.468 INFO [main] org.apache.catalina.startup.HostConfig.deployDirectory Desplegando el directorio [C:\Users\jonii\OneDrive\Documentos\NetBeansProjects\ConsultorioOdontologico\apache-tomcat-9.0.87\webapps\examples] de la aplicación web
11-Jul-2024 10:39:49.607 INFO [main] org.apache.jasper.servlet.TldScanner.scanJars Al menos un JAR, que se ha explorado buscando TLDs, aún no contenía TLDs. Activar historial de depuración para este historiador para una completa lista de los JARs que fueron explorados y de los que nos se halló TLDs. Saltarse JARs no necesarios durante la exploración puede dar lugar a una mejora de tiempo significativa en el arranque y compilación de JSP .
11-Jul-2024 10:39:49.754 INFO [main] org.apache.catalina.startup.HostConfig.deployDirectory Deployment of web application directory [C:\Users\jonii\OneDrive\Documentos\NetBeansProjects\ConsultorioOdontologico\apache-tomcat-9.0.87\webapps\examples] has finished in [1.286] ms
11-Jul-2024 10:39:49.754 INFO [main] org.apache.catalina.startup.HostConfig.deployDirectory Desplegando el directorio [C:\Users\jonii\OneDrive\Documentos\NetBeansProjects\ConsultorioOdontologico\apache-tomcat-9.0.87\webapps\host-manager] de la aplicación web
11-Jul-2024 10:39:50.437 INFO [main] org.apache.jasper.servlet.TldScanner.scanJars Al menos un JAR, que se ha explorado buscando TLDs, aún no contenía TLDs. Activar historial de depuración para este historiador para una completa lista de los JARs que fueron explorados y de los que nos se halló TLDs. Saltarse JARs no necesarios durante la exploración puede dar lugar a una mejora de tiempo significativa en el arranque y compilación de JSP .
11-Jul-2024 10:39:50.451 INFO [main] org.apache.catalina.startup.HostConfig.deployDirectory Deployment of web application directory [C:\Users\jonii\OneDrive\Documentos\NetBeansProjects\ConsultorioOdontologico\apache-tomcat-9.0.87\webapps\host-manager] has finished in [696] ms
11-Jul-2024 10:39:50.451 INFO [main] org.apache.catalina.startup.HostConfig.deployDirectory Desplegando el directorio [C:\Users\jonii\OneDrive\Documentos\NetBeansProjects\ConsultorioOdontologico\apache-tomcat-9.0.87\webapps\manager] de la aplicación web
11-Jul-2024 10:39:51.093 INFO [main] org.apache.jasper.servlet.TldScanner.scanJars Al menos un JAR, que se ha explorado buscando TLDs, aún no contenía TLDs. Activar historial de depuración para este historiador para una completa lista de los JARs que fueron explorados y de los que nos se halló TLDs. Saltarse JARs no necesarios durante la exploración puede dar lugar a una mejora de tiempo significativa en el arranque y compilación de JSP .
11-Jul-2024 10:39:51.097 INFO [main] org.apache.catalina.startup.HostConfig.deployDirectory Deployment of web application directory [C:\Users\jonii\OneDrive\Documentos\NetBeansProjects\ConsultorioOdontologico\apache-tomcat-9.0.87\webapps\manager] has finished in [646] ms
11-Jul-2024 10:39:51.104 INFO [main] org.apache.coyote.AbstractProtocol.start Starting ProtocolHandler ["http-nio-8080"]
11-Jul-2024 10:39:51.196 INFO [main] org.apache.catalina.startup.Catalina.start Server startup in [13133] milliseconds
11-Jul-2024 10:39:52.988 WARNING [http-nio-8080-exec-1] org.apache.catalina.loader.WebappClassLoaderBase.clearReferencesThreads The web application [SistemaRegistroDetendosPenales] appears to have started a thread named [mysql-cj-abandoned-connection-cleanup] but has failed to stop it. This is very likely to create a memory leak. Stack trace of thread:
 java.base@17.0.9/java.lang.Object.wait(Native Method)
 java.base@17.0.9/java.lang.ref.ReferenceQueue.remove(ReferenceQueue.java:155)
 com.mysql.cj.jdbc.AbandonedConnectionCleanupThread.run(AbandonedConnectionCleanupThread.java:91)
 java.base@17.0.9/java.util.concurrent.ThreadPoolExecutor.runWorker(ThreadPoolExecutor.java:1136)
 java.base@17.0.9/java.util.concurrent.ThreadPoolExecutor$Worker.run(ThreadPoolExecutor.java:635)
 java.base@17.0.9/java.lang.Thread.run(Thread.java:842)
11-Jul-2024 10:39:53.519 INFO [http-nio-8080-exec-1] org.apache.catalina.startup.HostConfig.undeploy Repliegue (undeploy) de la aplicación web que tiene como trayectoria de contexto [/SistemaRegistroDetendosPenales]
11-Jul-2024 10:39:53.635 INFO [http-nio-8080-exec-5] org.apache.catalina.startup.HostConfig.deployDescriptor Desplieque del descriptor de configuración [C:\Users\jonii\OneDrive\Documentos\NetBeansProjects\ConsultorioOdontologico\apache-tomcat-9.0.87\conf\Catalina\localhost\SistemaRegistroDetendosPenales.xml]
11-Jul-2024 10:39:53.637 WARNING [http-nio-8080-exec-5] org.apache.catalina.startup.HostConfig.deployDescriptor The path attribute with value [/SistemaRegistroDetendosPenales] in deployment descriptor [C:\Users\jonii\OneDrive\Documentos\NetBeansProjects\ConsultorioOdontologico\apache-tomcat-9.0.87\conf\Catalina\localhost\SistemaRegistroDetendosPenales.xml] has been ignored
11-Jul-2024 10:39:56.171 INFO [http-nio-8080-exec-5] org.apache.jasper.servlet.TldScanner.scanJars Al menos un JAR, que se ha explorado buscando TLDs, aún no contenía TLDs. Activar historial de depuración para este historiador para una completa lista de los JARs que fueron explorados y de los que nos se halló TLDs. Saltarse JARs no necesarios durante la exploración puede dar lugar a una mejora de tiempo significativa en el arranque y compilación de JSP .
11-Jul-2024 10:39:56.178 INFO [http-nio-8080-exec-5] org.apache.catalina.startup.HostConfig.deployDescriptor Deployment of deployment descriptor [C:\Users\jonii\OneDrive\Documentos\NetBeansProjects\ConsultorioOdontologico\apache-tomcat-9.0.87\conf\Catalina\localhost\SistemaRegistroDetendosPenales.xml] has finished in [2.543] ms
11-Jul-2024 10:39:56.187 INFO [http-nio-8080-exec-2] org.apache.catalina.util.LifecycleBase.start The start() method was called on component [StandardEngine[Catalina].StandardHost[localhost].StandardContext[/SistemaRegistroDetendosPenales]] after start() had already been called. The second call will be ignored.
11-Jul-2024 10:39:58.001 INFO [mysql-cj-abandoned-connection-cleanup] org.apache.catalina.loader.WebappClassLoaderBase.checkStateForResourceLoading Acceso ilegal: esta instancia de aplicación web ya ha sido parada.  Could not load [].  La eventual traza de pila que sigue ha sido motivada por un error lanzado con motivos de depuración así como para intentar terminar el hilo que motivó el acceso ilegal y no tiene impacto funcional.
	java.lang.IllegalStateException: Acceso ilegal: esta instancia de aplicación web ya ha sido parada.  Could not load [].  La eventual traza de pila que sigue ha sido motivada por un error lanzado con motivos de depuración así como para intentar terminar el hilo que motivó el acceso ilegal y no tiene impacto funcional.
		at org.apache.catalina.loader.WebappClassLoaderBase.checkStateForResourceLoading(WebappClassLoaderBase.java:1349)
		at org.apache.catalina.loader.WebappClassLoaderBase.getResource(WebappClassLoaderBase.java:981)
		at com.mysql.cj.jdbc.AbandonedConnectionCleanupThread.checkThreadContextClassLoader(AbandonedConnectionCleanupThread.java:123)
		at com.mysql.cj.jdbc.AbandonedConnectionCleanupThread.run(AbandonedConnectionCleanupThread.java:90)
		at java.base/java.util.concurrent.ThreadPoolExecutor.runWorker(ThreadPoolExecutor.java:1136)
		at java.base/java.util.concurrent.ThreadPoolExecutor$Worker.run(ThreadPoolExecutor.java:635)
		at java.base/java.lang.Thread.run(Thread.java:842)
11-Jul-2024 10:41:29.111 INFO [main] org.apache.catalina.core.StandardServer.await Se ha recibido un comando de apagado a través del puerto de apagado. Parando la instancia del Servidor.
11-Jul-2024 10:41:29.111 INFO [main] org.apache.coyote.AbstractProtocol.pause Pausing ProtocolHandler ["http-nio-8080"]
11-Jul-2024 10:41:29.122 INFO [main] org.apache.catalina.core.StandardService.stopInternal Parando servicio [Catalina]
11-Jul-2024 10:41:29.141 WARNING [main] org.apache.catalina.loader.WebappClassLoaderBase.clearReferencesThreads The web application [ConsultorioOdontologico] appears to have started a thread named [mysql-cj-abandoned-connection-cleanup] but has failed to stop it. This is very likely to create a memory leak. Stack trace of thread:
 org.apache.catalina.loader.WebappClassLoaderBase.checkStateForClassLoading(WebappClassLoaderBase.java:1337)
 org.apache.catalina.loader.WebappClassLoaderBase.loadClass(WebappClassLoaderBase.java:1174)
 org.apache.catalina.loader.WebappClassLoaderBase.loadClass(WebappClassLoaderBase.java:1141)
 com.mysql.cj.jdbc.AbandonedConnectionCleanupThread.checkThreadContextClassLoader(AbandonedConnectionCleanupThread.java:123)
 com.mysql.cj.jdbc.AbandonedConnectionCleanupThread.run(AbandonedConnectionCleanupThread.java:90)
 java.base@17.0.9/java.util.concurrent.ThreadPoolExecutor.runWorker(ThreadPoolExecutor.java:1136)
 java.base@17.0.9/java.util.concurrent.ThreadPoolExecutor$Worker.run(ThreadPoolExecutor.java:635)
 java.base@17.0.9/java.lang.Thread.run(Thread.java:842)
11-Jul-2024 10:41:29.168 WARNING [main] org.apache.catalina.loader.WebappClassLoaderBase.clearReferencesJdbc La aplicación web [SistemaRegistroDetendosPenales] registró el conductor JDBC [com.mysql.cj.jdbc.Driver] pero falló al anular el registro mientras la aplicación web estaba parada. Para prevenir un fallo de memoria, se ha anulado el registro del conductor JDBC por la fuerza.
11-Jul-2024 10:41:29.170 WARNING [main] org.apache.catalina.loader.WebappClassLoaderBase.clearReferencesThreads The web application [SistemaRegistroDetendosPenales] appears to have started a thread named [mysql-cj-abandoned-connection-cleanup] but has failed to stop it. This is very likely to create a memory leak. Stack trace of thread:
 java.base@17.0.9/java.lang.Object.wait(Native Method)
 java.base@17.0.9/java.lang.ref.ReferenceQueue.remove(ReferenceQueue.java:155)
 com.mysql.cj.jdbc.AbandonedConnectionCleanupThread.run(AbandonedConnectionCleanupThread.java:91)
 java.base@17.0.9/java.util.concurrent.ThreadPoolExecutor.runWorker(ThreadPoolExecutor.java:1136)
 java.base@17.0.9/java.util.concurrent.ThreadPoolExecutor$Worker.run(ThreadPoolExecutor.java:635)
 java.base@17.0.9/java.lang.Thread.run(Thread.java:842)
11-Jul-2024 10:41:29.178 INFO [main] org.apache.coyote.AbstractProtocol.stop Stopping ProtocolHandler ["http-nio-8080"]
11-Jul-2024 10:41:29.190 INFO [main] org.apache.coyote.AbstractProtocol.destroy Destroying ProtocolHandler ["http-nio-8080"]
11-Jul-2024 10:41:38.651 INFO [main] org.apache.catalina.startup.VersionLoggerListener.log Nombre de la versión del servidor: Apache Tomcat/9.0.87
11-Jul-2024 10:41:38.657 INFO [main] org.apache.catalina.startup.VersionLoggerListener.log Server built:                      Mar 11 2024 10:12:34 UTC
11-Jul-2024 10:41:38.657 INFO [main] org.apache.catalina.startup.VersionLoggerListener.log Número de versión de servidor:     9.0.87.0
11-Jul-2024 10:41:38.657 INFO [main] org.apache.catalina.startup.VersionLoggerListener.log OS Name:                           Windows 10
11-Jul-2024 10:41:38.658 INFO [main] org.apache.catalina.startup.VersionLoggerListener.log Versión de Systema Operativo:      10.0
11-Jul-2024 10:41:38.658 INFO [main] org.apache.catalina.startup.VersionLoggerListener.log Arquitectura:                      amd64
11-Jul-2024 10:41:38.658 INFO [main] org.apache.catalina.startup.VersionLoggerListener.log Java Home:                         C:\Program Files\Java\jdk-17
11-Jul-2024 10:41:38.659 INFO [main] org.apache.catalina.startup.VersionLoggerListener.log JVM Version:                       17.0.9+11-LTS-201
11-Jul-2024 10:41:38.659 INFO [main] org.apache.catalina.startup.VersionLoggerListener.log Vededor JVM:                       Oracle Corporation
11-Jul-2024 10:41:38.659 INFO [main] org.apache.catalina.startup.VersionLoggerListener.log CATALINA_BASE:                     C:\Users\jonii\OneDrive\Documentos\NetBeansProjects\ConsultorioOdontologico\apache-tomcat-9.0.87
11-Jul-2024 10:41:38.659 INFO [main] org.apache.catalina.startup.VersionLoggerListener.log CATALINA_HOME:                     C:\Users\jonii\OneDrive\Documentos\NetBeansProjects\ConsultorioOdontologico\apache-tomcat-9.0.87
11-Jul-2024 10:41:38.676 INFO [main] org.apache.catalina.startup.VersionLoggerListener.log Command line argument:             --add-opens=java.base/java.lang=ALL-UNNAMED
11-Jul-2024 10:41:38.677 INFO [main] org.apache.catalina.startup.VersionLoggerListener.log Command line argument:             --add-opens=java.base/java.io=ALL-UNNAMED
11-Jul-2024 10:41:38.678 INFO [main] org.apache.catalina.startup.VersionLoggerListener.log Command line argument:             --add-opens=java.base/java.util=ALL-UNNAMED
11-Jul-2024 10:41:38.678 INFO [main] org.apache.catalina.startup.VersionLoggerListener.log Command line argument:             --add-opens=java.base/java.util.concurrent=ALL-UNNAMED
11-Jul-2024 10:41:38.678 INFO [main] org.apache.catalina.startup.VersionLoggerListener.log Command line argument:             --add-opens=java.rmi/sun.rmi.transport=ALL-UNNAMED
11-Jul-2024 10:41:38.678 INFO [main] org.apache.catalina.startup.VersionLoggerListener.log Command line argument:             -Djava.util.logging.config.file=C:\Users\jonii\OneDrive\Documentos\NetBeansProjects\ConsultorioOdontologico\apache-tomcat-9.0.87\conf\logging.properties
11-Jul-2024 10:41:38.678 INFO [main] org.apache.catalina.startup.VersionLoggerListener.log Command line argument:             -Djava.util.logging.manager=org.apache.juli.ClassLoaderLogManager
11-Jul-2024 10:41:38.678 INFO [main] org.apache.catalina.startup.VersionLoggerListener.log Command line argument:             -Dhttp.nonProxyHosts=localhost|127.0.0.1|DESKTOP-OQT02N7
11-Jul-2024 10:41:38.679 INFO [main] org.apache.catalina.startup.VersionLoggerListener.log Command line argument:             -Djdk.tls.ephemeralDHKeySize=2048
11-Jul-2024 10:41:38.679 INFO [main] org.apache.catalina.startup.VersionLoggerListener.log Command line argument:             -Djava.protocol.handler.pkgs=org.apache.catalina.webresources
11-Jul-2024 10:41:38.679 INFO [main] org.apache.catalina.startup.VersionLoggerListener.log Command line argument:             -Dignore.endorsed.dirs=
11-Jul-2024 10:41:38.679 INFO [main] org.apache.catalina.startup.VersionLoggerListener.log Command line argument:             -Dcatalina.base=C:\Users\jonii\OneDrive\Documentos\NetBeansProjects\ConsultorioOdontologico\apache-tomcat-9.0.87
11-Jul-2024 10:41:38.679 INFO [main] org.apache.catalina.startup.VersionLoggerListener.log Command line argument:             -Dcatalina.home=C:\Users\jonii\OneDrive\Documentos\NetBeansProjects\ConsultorioOdontologico\apache-tomcat-9.0.87
11-Jul-2024 10:41:38.732 INFO [main] org.apache.catalina.startup.VersionLoggerListener.log Command line argument:             -Djava.io.tmpdir=C:\Users\jonii\OneDrive\Documentos\NetBeansProjects\ConsultorioOdontologico\apache-tomcat-9.0.87\temp
11-Jul-2024 10:41:38.738 INFO [main] org.apache.catalina.core.AprLifecycleListener.lifecycleEvent Cargada la biblioteca nativa APR de Apache Tomcat [1.3.0] con la versión APR [1.7.4].
11-Jul-2024 10:41:38.738 INFO [main] org.apache.catalina.core.AprLifecycleListener.lifecycleEvent Capacidades APR: IPv6 [true], enviar fichero [true], aceptar filtros [false], aleatorio [true], UDS [true].
11-Jul-2024 10:41:38.738 INFO [main] org.apache.catalina.core.AprLifecycleListener.lifecycleEvent APR/OpenSSL configuration: useAprConnector [false], useOpenSSL [true]
11-Jul-2024 10:41:38.746 INFO [main] org.apache.catalina.core.AprLifecycleListener.initializeSSL OpenSSL inicializado correctamente [OpenSSL 3.0.13 30 Jan 2024]
11-Jul-2024 10:41:39.157 INFO [main] org.apache.coyote.AbstractProtocol.init Inicializando el manejador de protocolo ["http-nio-8080"]

11-Jul-2024 10:41:39.199 INFO [main] org.apache.catalina.startup.Catalina.load Server initialization in [853] milliseconds
11-Jul-2024 10:41:39.292 INFO [main] org.apache.catalina.core.StandardService.startInternal Arrancando servicio [Catalina]
11-Jul-2024 10:41:39.293 INFO [main] org.apache.catalina.core.StandardEngine.startInternal Starting Servlet engine: [Apache Tomcat/9.0.87]
11-Jul-2024 10:41:39.308 INFO [main] org.apache.catalina.startup.HostConfig.deployDescriptor Desplieque del descriptor de configuración [C:\Users\jonii\OneDrive\Documentos\NetBeansProjects\ConsultorioOdontologico\apache-tomcat-9.0.87\conf\Catalina\localhost\ConsultorioOdontologico.xml]
11-Jul-2024 10:41:39.330 WARNING [main] org.apache.catalina.startup.HostConfig.deployDescriptor The path attribute with value [/ConsultorioOdontologico] in deployment descriptor [C:\Users\jonii\OneDrive\Documentos\NetBeansProjects\ConsultorioOdontologico\apache-tomcat-9.0.87\conf\Catalina\localhost\ConsultorioOdontologico.xml] has been ignored
11-Jul-2024 10:41:41.636 WARNING [main] java.util.ArrayList.forEach Name = data Property maxActive is not used in DBCP2, use maxTotal instead. maxTotal default value is 8. You have set value of "20" for "maxActive" property, which is being ignored.
11-Jul-2024 10:41:41.637 WARNING [main] java.util.ArrayList.forEach Name = data Property maxWait is not used in DBCP2 , use maxWaitMillis instead. maxWaitMillis default value is PT-0.001S. You have set value of "-1" for "maxWait" property, which is being ignored.
11-Jul-2024 10:41:41.775 INFO [main] org.apache.jasper.servlet.TldScanner.scanJars Al menos un JAR, que se ha explorado buscando TLDs, aún no contenía TLDs. Activar historial de depuración para este historiador para una completa lista de los JARs que fueron explorados y de los que nos se halló TLDs. Saltarse JARs no necesarios durante la exploración puede dar lugar a una mejora de tiempo significativa en el arranque y compilación de JSP .
11-Jul-2024 10:41:41.958 WARNING [main] org.apache.catalina.util.SessionIdGeneratorBase.createSecureRandom Creation of SecureRandom instance for session ID generation using [SHA1PRNG] took [118] milliseconds.
11-Jul-2024 10:41:42.002 INFO [main] org.apache.catalina.startup.HostConfig.deployDescriptor Deployment of deployment descriptor [C:\Users\jonii\OneDrive\Documentos\NetBeansProjects\ConsultorioOdontologico\apache-tomcat-9.0.87\conf\Catalina\localhost\ConsultorioOdontologico.xml] has finished in [2.693] ms
11-Jul-2024 10:41:42.002 INFO [main] org.apache.catalina.startup.HostConfig.deployDescriptor Desplieque del descriptor de configuración [C:\Users\jonii\OneDrive\Documentos\NetBeansProjects\ConsultorioOdontologico\apache-tomcat-9.0.87\conf\Catalina\localhost\PruebasFrontBack.xml]
11-Jul-2024 10:41:42.004 WARNING [main] org.apache.catalina.startup.HostConfig.deployDescriptor The path attribute with value [/PruebasFrontBack] in deployment descriptor [C:\Users\jonii\OneDrive\Documentos\NetBeansProjects\ConsultorioOdontologico\apache-tomcat-9.0.87\conf\Catalina\localhost\PruebasFrontBack.xml] has been ignored
11-Jul-2024 10:41:42.014 SEVERE [main] org.apache.catalina.startup.HostConfig.deployDescriptor Error durante el despliegue del descriptor de configuración [C:\Users\jonii\OneDrive\Documentos\NetBeansProjects\ConsultorioOdontologico\apache-tomcat-9.0.87\conf\Catalina\localhost\PruebasFrontBack.xml]
	java.lang.IllegalStateException: Error starting child
		at org.apache.catalina.core.ContainerBase.addChildInternal(ContainerBase.java:686)
		at org.apache.catalina.core.ContainerBase.addChild(ContainerBase.java:658)
		at org.apache.catalina.core.StandardHost.addChild(StandardHost.java:661)
		at org.apache.catalina.startup.HostConfig.deployDescriptor(HostConfig.java:680)
		at org.apache.catalina.startup.HostConfig$DeployDescriptor.run(HostConfig.java:1844)
		at java.base/java.util.concurrent.Executors$RunnableAdapter.call(Executors.java:539)
		at java.base/java.util.concurrent.FutureTask.run(FutureTask.java:264)
		at org.apache.tomcat.util.threads.InlineExecutorService.execute(InlineExecutorService.java:75)
		at java.base/java.util.concurrent.AbstractExecutorService.submit(AbstractExecutorService.java:123)
		at org.apache.catalina.startup.HostConfig.deployDescriptors(HostConfig.java:575)
		at org.apache.catalina.startup.HostConfig.deployApps(HostConfig.java:466)
		at org.apache.catalina.startup.HostConfig.start(HostConfig.java:1584)
		at org.apache.catalina.startup.HostConfig.lifecycleEvent(HostConfig.java:312)
		at org.apache.catalina.util.LifecycleBase.fireLifecycleEvent(LifecycleBase.java:114)
		at org.apache.catalina.util.LifecycleBase.setStateInternal(LifecycleBase.java:402)
		at org.apache.catalina.util.LifecycleBase.setState(LifecycleBase.java:345)
		at org.apache.catalina.core.ContainerBase.startInternal(ContainerBase.java:893)
		at org.apache.catalina.core.StandardHost.startInternal(StandardHost.java:794)
		at org.apache.catalina.util.LifecycleBase.start(LifecycleBase.java:171)
		at org.apache.catalina.core.ContainerBase$StartChild.call(ContainerBase.java:1332)
		at org.apache.catalina.core.ContainerBase$StartChild.call(ContainerBase.java:1322)
		at java.base/java.util.concurrent.FutureTask.run(FutureTask.java:264)
		at org.apache.tomcat.util.threads.InlineExecutorService.execute(InlineExecutorService.java:75)
		at java.base/java.util.concurrent.AbstractExecutorService.submit(AbstractExecutorService.java:145)
		at org.apache.catalina.core.ContainerBase.startInternal(ContainerBase.java:866)
		at org.apache.catalina.core.StandardEngine.startInternal(StandardEngine.java:248)
		at org.apache.catalina.util.LifecycleBase.start(LifecycleBase.java:171)
		at org.apache.catalina.core.StandardService.startInternal(StandardService.java:433)
		at org.apache.catalina.util.LifecycleBase.start(LifecycleBase.java:171)
		at org.apache.catalina.core.StandardServer.startInternal(StandardServer.java:925)
		at org.apache.catalina.util.LifecycleBase.start(LifecycleBase.java:171)
		at org.apache.catalina.startup.Catalina.start(Catalina.java:735)
		at java.base/jdk.internal.reflect.NativeMethodAccessorImpl.invoke0(Native Method)
		at java.base/jdk.internal.reflect.NativeMethodAccessorImpl.invoke(NativeMethodAccessorImpl.java:77)
		at java.base/jdk.internal.reflect.DelegatingMethodAccessorImpl.invoke(DelegatingMethodAccessorImpl.java:43)
		at java.base/java.lang.reflect.Method.invoke(Method.java:568)
		at org.apache.catalina.startup.Bootstrap.start(Bootstrap.java:345)
		at org.apache.catalina.startup.Bootstrap.main(Bootstrap.java:473)
	Caused by: org.apache.catalina.LifecycleException: Failed to start component [org.apache.catalina.webresources.StandardRoot@115ef673]
		at org.apache.catalina.util.LifecycleBase.handleSubClassException(LifecycleBase.java:419)
		at org.apache.catalina.util.LifecycleBase.start(LifecycleBase.java:186)
		at org.apache.catalina.core.StandardContext.resourcesStart(StandardContext.java:4575)
		at org.apache.catalina.core.StandardContext.startInternal(StandardContext.java:4708)
		at org.apache.catalina.util.LifecycleBase.start(LifecycleBase.java:171)
		at org.apache.catalina.core.ContainerBase.addChildInternal(ContainerBase.java:683)
		... 37 more
	Caused by: java.lang.IllegalArgumentException: The main resource set specified [C:\Users\jonii\OneDrive\Documentos\NetBeansProjects\PruebasFrontBack\target\PruebasFrontBack-1.0-SNAPSHOT] is not a directory or war file, or is not readable (it does not exist or permissions to access it are missing)
		at org.apache.catalina.webresources.StandardRoot.createMainResourceSet(StandardRoot.java:749)
		at org.apache.catalina.webresources.StandardRoot.startInternal(StandardRoot.java:707)
		at org.apache.catalina.util.LifecycleBase.start(LifecycleBase.java:171)
		... 41 more
11-Jul-2024 10:41:42.039 INFO [main] org.apache.catalina.startup.HostConfig.deployDescriptor Deployment of deployment descriptor [C:\Users\jonii\OneDrive\Documentos\NetBeansProjects\ConsultorioOdontologico\apache-tomcat-9.0.87\conf\Catalina\localhost\PruebasFrontBack.xml] has finished in [37] ms
11-Jul-2024 10:41:42.044 INFO [main] org.apache.catalina.startup.HostConfig.deployDescriptor Desplieque del descriptor de configuración [C:\Users\jonii\OneDrive\Documentos\NetBeansProjects\ConsultorioOdontologico\apache-tomcat-9.0.87\conf\Catalina\localhost\ROOT.xml]
11-Jul-2024 10:41:42.047 WARNING [main] org.apache.catalina.startup.HostConfig.deployDescriptor The path attribute with value [] in deployment descriptor [C:\Users\jonii\OneDrive\Documentos\NetBeansProjects\ConsultorioOdontologico\apache-tomcat-9.0.87\conf\Catalina\localhost\ROOT.xml] has been ignored
11-Jul-2024 10:41:42.062 SEVERE [main] org.apache.catalina.startup.HostConfig.deployDescriptor Error durante el despliegue del descriptor de configuración [C:\Users\jonii\OneDrive\Documentos\NetBeansProjects\ConsultorioOdontologico\apache-tomcat-9.0.87\conf\Catalina\localhost\ROOT.xml]
	java.lang.IllegalStateException: Error starting child
		at org.apache.catalina.core.ContainerBase.addChildInternal(ContainerBase.java:686)
		at org.apache.catalina.core.ContainerBase.addChild(ContainerBase.java:658)
		at org.apache.catalina.core.StandardHost.addChild(StandardHost.java:661)
		at org.apache.catalina.startup.HostConfig.deployDescriptor(HostConfig.java:680)
		at org.apache.catalina.startup.HostConfig$DeployDescriptor.run(HostConfig.java:1844)
		at java.base/java.util.concurrent.Executors$RunnableAdapter.call(Executors.java:539)
		at java.base/java.util.concurrent.FutureTask.run(FutureTask.java:264)
		at org.apache.tomcat.util.threads.InlineExecutorService.execute(InlineExecutorService.java:75)
		at java.base/java.util.concurrent.AbstractExecutorService.submit(AbstractExecutorService.java:123)
		at org.apache.catalina.startup.HostConfig.deployDescriptors(HostConfig.java:575)
		at org.apache.catalina.startup.HostConfig.deployApps(HostConfig.java:466)
		at org.apache.catalina.startup.HostConfig.start(HostConfig.java:1584)
		at org.apache.catalina.startup.HostConfig.lifecycleEvent(HostConfig.java:312)
		at org.apache.catalina.util.LifecycleBase.fireLifecycleEvent(LifecycleBase.java:114)
		at org.apache.catalina.util.LifecycleBase.setStateInternal(LifecycleBase.java:402)
		at org.apache.catalina.util.LifecycleBase.setState(LifecycleBase.java:345)
		at org.apache.catalina.core.ContainerBase.startInternal(ContainerBase.java:893)
		at org.apache.catalina.core.StandardHost.startInternal(StandardHost.java:794)
		at org.apache.catalina.util.LifecycleBase.start(LifecycleBase.java:171)
		at org.apache.catalina.core.ContainerBase$StartChild.call(ContainerBase.java:1332)
		at org.apache.catalina.core.ContainerBase$StartChild.call(ContainerBase.java:1322)
		at java.base/java.util.concurrent.FutureTask.run(FutureTask.java:264)
		at org.apache.tomcat.util.threads.InlineExecutorService.execute(InlineExecutorService.java:75)
		at java.base/java.util.concurrent.AbstractExecutorService.submit(AbstractExecutorService.java:145)
		at org.apache.catalina.core.ContainerBase.startInternal(ContainerBase.java:866)
		at org.apache.catalina.core.StandardEngine.startInternal(StandardEngine.java:248)
		at org.apache.catalina.util.LifecycleBase.start(LifecycleBase.java:171)
		at org.apache.catalina.core.StandardService.startInternal(StandardService.java:433)
		at org.apache.catalina.util.LifecycleBase.start(LifecycleBase.java:171)
		at org.apache.catalina.core.StandardServer.startInternal(StandardServer.java:925)
		at org.apache.catalina.util.LifecycleBase.start(LifecycleBase.java:171)
		at org.apache.catalina.startup.Catalina.start(Catalina.java:735)
		at java.base/jdk.internal.reflect.NativeMethodAccessorImpl.invoke0(Native Method)
		at java.base/jdk.internal.reflect.NativeMethodAccessorImpl.invoke(NativeMethodAccessorImpl.java:77)
		at java.base/jdk.internal.reflect.DelegatingMethodAccessorImpl.invoke(DelegatingMethodAccessorImpl.java:43)
		at java.base/java.lang.reflect.Method.invoke(Method.java:568)
		at org.apache.catalina.startup.Bootstrap.start(Bootstrap.java:345)
		at org.apache.catalina.startup.Bootstrap.main(Bootstrap.java:473)
	Caused by: org.apache.catalina.LifecycleException: Failed to start component [org.apache.catalina.webresources.StandardRoot@6b4fd7d]
		at org.apache.catalina.util.LifecycleBase.handleSubClassException(LifecycleBase.java:419)
		at org.apache.catalina.util.LifecycleBase.start(LifecycleBase.java:186)
		at org.apache.catalina.core.StandardContext.resourcesStart(StandardContext.java:4575)
		at org.apache.catalina.core.StandardContext.startInternal(StandardContext.java:4708)
		at org.apache.catalina.util.LifecycleBase.start(LifecycleBase.java:171)
		at org.apache.catalina.core.ContainerBase.addChildInternal(ContainerBase.java:683)
		... 37 more
	Caused by: java.lang.IllegalArgumentException: The main resource set specified [C:\Users\jonii\Downloads\inventiory\target\inventiory-0.0.1-SNAPSHOT] is not a directory or war file, or is not readable (it does not exist or permissions to access it are missing)
		at org.apache.catalina.webresources.StandardRoot.createMainResourceSet(StandardRoot.java:749)
		at org.apache.catalina.webresources.StandardRoot.startInternal(StandardRoot.java:707)
		at org.apache.catalina.util.LifecycleBase.start(LifecycleBase.java:171)
		... 41 more
11-Jul-2024 10:41:42.235 INFO [main] org.apache.catalina.startup.HostConfig.deployDescriptor Deployment of deployment descriptor [C:\Users\jonii\OneDrive\Documentos\NetBeansProjects\ConsultorioOdontologico\apache-tomcat-9.0.87\conf\Catalina\localhost\ROOT.xml] has finished in [182] ms
11-Jul-2024 10:41:42.257 INFO [main] org.apache.catalina.startup.HostConfig.deployDescriptor Desplieque del descriptor de configuración [C:\Users\jonii\OneDrive\Documentos\NetBeansProjects\ConsultorioOdontologico\apache-tomcat-9.0.87\conf\Catalina\localhost\SistemaRegistroDetendosPenales.xml]
11-Jul-2024 10:41:42.258 WARNING [main] org.apache.catalina.startup.HostConfig.deployDescriptor The path attribute with value [/SistemaRegistroDetendosPenales] in deployment descriptor [C:\Users\jonii\OneDrive\Documentos\NetBeansProjects\ConsultorioOdontologico\apache-tomcat-9.0.87\conf\Catalina\localhost\SistemaRegistroDetendosPenales.xml] has been ignored
11-Jul-2024 10:41:44.356 INFO [main] org.apache.jasper.servlet.TldScanner.scanJars Al menos un JAR, que se ha explorado buscando TLDs, aún no contenía TLDs. Activar historial de depuración para este historiador para una completa lista de los JARs que fueron explorados y de los que nos se halló TLDs. Saltarse JARs no necesarios durante la exploración puede dar lugar a una mejora de tiempo significativa en el arranque y compilación de JSP .
11-Jul-2024 10:41:44.372 INFO [main] org.apache.catalina.startup.HostConfig.deployDescriptor Deployment of deployment descriptor [C:\Users\jonii\OneDrive\Documentos\NetBeansProjects\ConsultorioOdontologico\apache-tomcat-9.0.87\conf\Catalina\localhost\SistemaRegistroDetendosPenales.xml] has finished in [2.137] ms
11-Jul-2024 10:41:44.373 INFO [main] org.apache.catalina.startup.HostConfig.deployDirectory Desplegando el directorio [C:\Users\jonii\OneDrive\Documentos\NetBeansProjects\ConsultorioOdontologico\apache-tomcat-9.0.87\webapps\docs] de la aplicación web
11-Jul-2024 10:41:44.912 INFO [main] org.apache.jasper.servlet.TldScanner.scanJars Al menos un JAR, que se ha explorado buscando TLDs, aún no contenía TLDs. Activar historial de depuración para este historiador para una completa lista de los JARs que fueron explorados y de los que nos se halló TLDs. Saltarse JARs no necesarios durante la exploración puede dar lugar a una mejora de tiempo significativa en el arranque y compilación de JSP .
11-Jul-2024 10:41:44.917 INFO [main] org.apache.catalina.startup.HostConfig.deployDirectory Deployment of web application directory [C:\Users\jonii\OneDrive\Documentos\NetBeansProjects\ConsultorioOdontologico\apache-tomcat-9.0.87\webapps\docs] has finished in [543] ms
11-Jul-2024 10:41:44.917 INFO [main] org.apache.catalina.startup.HostConfig.deployDirectory Desplegando el directorio [C:\Users\jonii\OneDrive\Documentos\NetBeansProjects\ConsultorioOdontologico\apache-tomcat-9.0.87\webapps\examples] de la aplicación web
11-Jul-2024 10:41:45.859 INFO [main] org.apache.jasper.servlet.TldScanner.scanJars Al menos un JAR, que se ha explorado buscando TLDs, aún no contenía TLDs. Activar historial de depuración para este historiador para una completa lista de los JARs que fueron explorados y de los que nos se halló TLDs. Saltarse JARs no necesarios durante la exploración puede dar lugar a una mejora de tiempo significativa en el arranque y compilación de JSP .
11-Jul-2024 10:41:45.958 INFO [main] org.apache.catalina.startup.HostConfig.deployDirectory Deployment of web application directory [C:\Users\jonii\OneDrive\Documentos\NetBeansProjects\ConsultorioOdontologico\apache-tomcat-9.0.87\webapps\examples] has finished in [1.040] ms
11-Jul-2024 10:41:45.958 INFO [main] org.apache.catalina.startup.HostConfig.deployDirectory Desplegando el directorio [C:\Users\jonii\OneDrive\Documentos\NetBeansProjects\ConsultorioOdontologico\apache-tomcat-9.0.87\webapps\host-manager] de la aplicación web
11-Jul-2024 10:41:46.491 INFO [main] org.apache.jasper.servlet.TldScanner.scanJars Al menos un JAR, que se ha explorado buscando TLDs, aún no contenía TLDs. Activar historial de depuración para este historiador para una completa lista de los JARs que fueron explorados y de los que nos se halló TLDs. Saltarse JARs no necesarios durante la exploración puede dar lugar a una mejora de tiempo significativa en el arranque y compilación de JSP .
11-Jul-2024 10:41:46.502 INFO [main] org.apache.catalina.startup.HostConfig.deployDirectory Deployment of web application directory [C:\Users\jonii\OneDrive\Documentos\NetBeansProjects\ConsultorioOdontologico\apache-tomcat-9.0.87\webapps\host-manager] has finished in [544] ms
11-Jul-2024 10:41:46.502 INFO [main] org.apache.catalina.startup.HostConfig.deployDirectory Desplegando el directorio [C:\Users\jonii\OneDrive\Documentos\NetBeansProjects\ConsultorioOdontologico\apache-tomcat-9.0.87\webapps\manager] de la aplicación web
11-Jul-2024 10:41:47.011 INFO [main] org.apache.jasper.servlet.TldScanner.scanJars Al menos un JAR, que se ha explorado buscando TLDs, aún no contenía TLDs. Activar historial de depuración para este historiador para una completa lista de los JARs que fueron explorados y de los que nos se halló TLDs. Saltarse JARs no necesarios durante la exploración puede dar lugar a una mejora de tiempo significativa en el arranque y compilación de JSP .
11-Jul-2024 10:41:47.015 INFO [main] org.apache.catalina.startup.HostConfig.deployDirectory Deployment of web application directory [C:\Users\jonii\OneDrive\Documentos\NetBeansProjects\ConsultorioOdontologico\apache-tomcat-9.0.87\webapps\manager] has finished in [513] ms
11-Jul-2024 10:41:47.020 INFO [main] org.apache.coyote.AbstractProtocol.start Starting ProtocolHandler ["http-nio-8080"]
11-Jul-2024 10:41:47.093 INFO [main] org.apache.catalina.startup.Catalina.start Server startup in [7893] milliseconds
11-Jul-2024 10:41:47.363 WARNING [http-nio-8080-exec-7] org.apache.catalina.loader.WebappClassLoaderBase.clearReferencesThreads The web application [ConsultorioOdontologico] appears to have started a thread named [mysql-cj-abandoned-connection-cleanup] but has failed to stop it. This is very likely to create a memory leak. Stack trace of thread:
 java.base@17.0.9/java.io.WinNTFileSystem.canonicalize0(Native Method)
 java.base@17.0.9/java.io.WinNTFileSystem.canonicalize(WinNTFileSystem.java:462)
 java.base@17.0.9/java.io.File.getCanonicalPath(File.java:626)
 org.apache.catalina.webresources.AbstractFileResourceSet.file(AbstractFileResourceSet.java:94)
 org.apache.catalina.webresources.DirResourceSet.getResource(DirResourceSet.java:94)
 org.apache.catalina.webresources.StandardRoot.getResourceInternal(StandardRoot.java:272)
 org.apache.catalina.webresources.CachedResource.validateResource(CachedResource.java:105)
 org.apache.catalina.webresources.Cache.getResource(Cache.java:96)
 org.apache.catalina.webresources.StandardRoot.getResource(StandardRoot.java:211)
 org.apache.catalina.webresources.StandardRoot.getClassLoaderResource(StandardRoot.java:220)
 org.apache.catalina.loader.WebappClassLoaderBase.findResource(WebappClassLoaderBase.java:885)
 org.apache.catalina.loader.WebappClassLoaderBase.getResource(WebappClassLoaderBase.java:1002)
 com.mysql.cj.jdbc.AbandonedConnectionCleanupThread.checkThreadContextClassLoader(AbandonedConnectionCleanupThread.java:123)
 com.mysql.cj.jdbc.AbandonedConnectionCleanupThread.run(AbandonedConnectionCleanupThread.java:90)
 java.base@17.0.9/java.util.concurrent.ThreadPoolExecutor.runWorker(ThreadPoolExecutor.java:1136)
 java.base@17.0.9/java.util.concurrent.ThreadPoolExecutor$Worker.run(ThreadPoolExecutor.java:635)
 java.base@17.0.9/java.lang.Thread.run(Thread.java:842)
11-Jul-2024 10:41:47.879 INFO [http-nio-8080-exec-7] org.apache.catalina.startup.HostConfig.undeploy Repliegue (undeploy) de la aplicación web que tiene como trayectoria de contexto [/ConsultorioOdontologico]
11-Jul-2024 10:41:47.944 INFO [http-nio-8080-exec-2] org.apache.catalina.startup.HostConfig.deployDescriptor Desplieque del descriptor de configuración [C:\Users\jonii\OneDrive\Documentos\NetBeansProjects\ConsultorioOdontologico\apache-tomcat-9.0.87\conf\Catalina\localhost\ConsultorioOdontologico.xml]
11-Jul-2024 10:41:47.946 WARNING [http-nio-8080-exec-2] org.apache.catalina.startup.HostConfig.deployDescriptor The path attribute with value [/ConsultorioOdontologico] in deployment descriptor [C:\Users\jonii\OneDrive\Documentos\NetBeansProjects\ConsultorioOdontologico\apache-tomcat-9.0.87\conf\Catalina\localhost\ConsultorioOdontologico.xml] has been ignored
11-Jul-2024 10:41:49.879 INFO [http-nio-8080-exec-2] org.apache.jasper.servlet.TldScanner.scanJars Al menos un JAR, que se ha explorado buscando TLDs, aún no contenía TLDs. Activar historial de depuración para este historiador para una completa lista de los JARs que fueron explorados y de los que nos se halló TLDs. Saltarse JARs no necesarios durante la exploración puede dar lugar a una mejora de tiempo significativa en el arranque y compilación de JSP .
11-Jul-2024 10:41:49.884 INFO [http-nio-8080-exec-2] org.apache.catalina.startup.HostConfig.deployDescriptor Deployment of deployment descriptor [C:\Users\jonii\OneDrive\Documentos\NetBeansProjects\ConsultorioOdontologico\apache-tomcat-9.0.87\conf\Catalina\localhost\ConsultorioOdontologico.xml] has finished in [1.940] ms
11-Jul-2024 10:41:49.888 INFO [http-nio-8080-exec-9] org.apache.catalina.util.LifecycleBase.start The start() method was called on component [StandardEngine[Catalina].StandardHost[localhost].StandardContext[/ConsultorioOdontologico]] after start() had already been called. The second call will be ignored.
11-Jul-2024 10:41:52.376 INFO [mysql-cj-abandoned-connection-cleanup] org.apache.catalina.loader.WebappClassLoaderBase.checkStateForResourceLoading Acceso ilegal: esta instancia de aplicación web ya ha sido parada.  Could not load [].  La eventual traza de pila que sigue ha sido motivada por un error lanzado con motivos de depuración así como para intentar terminar el hilo que motivó el acceso ilegal y no tiene impacto funcional.
	java.lang.IllegalStateException: Acceso ilegal: esta instancia de aplicación web ya ha sido parada.  Could not load [].  La eventual traza de pila que sigue ha sido motivada por un error lanzado con motivos de depuración así como para intentar terminar el hilo que motivó el acceso ilegal y no tiene impacto funcional.
		at org.apache.catalina.loader.WebappClassLoaderBase.checkStateForResourceLoading(WebappClassLoaderBase.java:1349)
		at org.apache.catalina.loader.WebappClassLoaderBase.getResource(WebappClassLoaderBase.java:981)
		at com.mysql.cj.jdbc.AbandonedConnectionCleanupThread.checkThreadContextClassLoader(AbandonedConnectionCleanupThread.java:123)
		at com.mysql.cj.jdbc.AbandonedConnectionCleanupThread.run(AbandonedConnectionCleanupThread.java:90)
		at java.base/java.util.concurrent.ThreadPoolExecutor.runWorker(ThreadPoolExecutor.java:1136)
		at java.base/java.util.concurrent.ThreadPoolExecutor$Worker.run(ThreadPoolExecutor.java:635)
		at java.base/java.lang.Thread.run(Thread.java:842)
11-Jul-2024 10:46:37.860 INFO [main] org.apache.catalina.core.StandardServer.await Se ha recibido un comando de apagado a través del puerto de apagado. Parando la instancia del Servidor.
11-Jul-2024 10:46:37.861 INFO [main] org.apache.coyote.AbstractProtocol.pause Pausing ProtocolHandler ["http-nio-8080"]
11-Jul-2024 10:46:37.873 INFO [main] org.apache.catalina.core.StandardService.stopInternal Parando servicio [Catalina]
11-Jul-2024 10:46:37.923 WARNING [main] org.apache.catalina.loader.WebappClassLoaderBase.clearReferencesJdbc La aplicación web [ConsultorioOdontologico] registró el conductor JDBC [com.mysql.cj.jdbc.Driver] pero falló al anular el registro mientras la aplicación web estaba parada. Para prevenir un fallo de memoria, se ha anulado el registro del conductor JDBC por la fuerza.
11-Jul-2024 10:46:37.924 WARNING [main] org.apache.catalina.loader.WebappClassLoaderBase.clearReferencesThreads The web application [ConsultorioOdontologico] appears to have started a thread named [mysql-cj-abandoned-connection-cleanup] but has failed to stop it. This is very likely to create a memory leak. Stack trace of thread:
 java.base@17.0.9/java.lang.Object.wait(Native Method)
 java.base@17.0.9/java.lang.ref.ReferenceQueue.remove(ReferenceQueue.java:155)
 com.mysql.cj.jdbc.AbandonedConnectionCleanupThread.run(AbandonedConnectionCleanupThread.java:91)
 java.base@17.0.9/java.util.concurrent.ThreadPoolExecutor.runWorker(ThreadPoolExecutor.java:1136)
 java.base@17.0.9/java.util.concurrent.ThreadPoolExecutor$Worker.run(ThreadPoolExecutor.java:635)
 java.base@17.0.9/java.lang.Thread.run(Thread.java:842)
11-Jul-2024 10:46:37.954 WARNING [main] org.apache.catalina.loader.WebappClassLoaderBase.clearReferencesThreads The web application [SistemaRegistroDetendosPenales] appears to have started a thread named [mysql-cj-abandoned-connection-cleanup] but has failed to stop it. This is very likely to create a memory leak. Stack trace of thread:
 java.base@17.0.9/java.net.URL.getURLStreamHandler(URL.java:1421)
 java.base@17.0.9/java.net.URL.<init>(URL.java:479)
 java.base@17.0.9/java.net.URL.fromURI(URL.java:746)
 java.base@17.0.9/java.net.URI.toURL(URI.java:1139)
 java.base@17.0.9/jdk.internal.loader.BuiltinClassLoader.findResource(BuiltinClassLoader.java:512)
 java.base@17.0.9/jdk.internal.loader.BuiltinClassLoader.findResource(BuiltinClassLoader.java:277)
 java.base@17.0.9/jdk.internal.loader.BuiltinClassLoader.findResource(BuiltinClassLoader.java:325)
 java.base@17.0.9/jdk.internal.loader.BootLoader.findResource(BootLoader.java:182)
 java.base@17.0.9/java.lang.ClassLoader.getResource(ClassLoader.java:1400)
 org.apache.catalina.loader.WebappClassLoaderBase.loadClass(WebappClassLoaderBase.java:1225)
 org.apache.catalina.loader.WebappClassLoaderBase.loadClass(WebappClassLoaderBase.java:1141)
 com.mysql.cj.jdbc.AbandonedConnectionCleanupThread.checkThreadContextClassLoader(AbandonedConnectionCleanupThread.java:123)
 com.mysql.cj.jdbc.AbandonedConnectionCleanupThread.run(AbandonedConnectionCleanupThread.java:90)
 java.base@17.0.9/java.util.concurrent.ThreadPoolExecutor.runWorker(ThreadPoolExecutor.java:1136)
 java.base@17.0.9/java.util.concurrent.ThreadPoolExecutor$Worker.run(ThreadPoolExecutor.java:635)
 java.base@17.0.9/java.lang.Thread.run(Thread.java:842)
11-Jul-2024 10:46:37.962 INFO [main] org.apache.coyote.AbstractProtocol.stop Stopping ProtocolHandler ["http-nio-8080"]
11-Jul-2024 10:46:37.981 INFO [main] org.apache.coyote.AbstractProtocol.destroy Destroying ProtocolHandler ["http-nio-8080"]
