03-Jul-2024 16:52:04.393 INFO [main] org.apache.catalina.core.ApplicationContext.log ContextListener: contextInitialized()
03-Jul-2024 16:52:04.393 INFO [main] org.apache.catalina.core.ApplicationContext.log SessionListener: contextInitialized()
03-Jul-2024 16:52:04.396 INFO [main] org.apache.catalina.core.ApplicationContext.log ContextListener: attributeAdded('StockTicker', 'async.Stockticker@7e18b9e6')
03-Jul-2024 16:53:47.257 INFO [main] org.apache.catalina.core.ApplicationContext.log SessionListener: contextDestroyed()
03-Jul-2024 16:53:47.257 INFO [main] org.apache.catalina.core.ApplicationContext.log ContextListener: contextDestroyed()
03-Jul-2024 16:54:16.994 INFO [main] org.apache.catalina.core.ApplicationContext.log ContextListener: contextInitialized()
03-Jul-2024 16:54:16.994 INFO [main] org.apache.catalina.core.ApplicationContext.log SessionListener: contextInitialized()
03-Jul-2024 16:54:16.997 INFO [main] org.apache.catalina.core.ApplicationContext.log ContextListener: attributeAdded('StockTicker', 'async.Stockticker@676d182d')
03-Jul-2024 16:57:21.751 INFO [main] org.apache.catalina.core.ApplicationContext.log SessionListener: contextDestroyed()
03-Jul-2024 16:57:21.751 INFO [main] org.apache.catalina.core.ApplicationContext.log ContextListener: contextDestroyed()
03-Jul-2024 16:57:36.709 INFO [main] org.apache.catalina.core.ApplicationContext.log ContextListener: contextInitialized()
03-Jul-2024 16:57:36.709 INFO [main] org.apache.catalina.core.ApplicationContext.log SessionListener: contextInitialized()
03-Jul-2024 16:57:36.712 INFO [main] org.apache.catalina.core.ApplicationContext.log ContextListener: attributeAdded('StockTicker', 'async.Stockticker@4ff25596')
03-Jul-2024 17:00:05.029 INFO [main] org.apache.catalina.core.ApplicationContext.log SessionListener: contextDestroyed()
03-Jul-2024 17:00:05.029 INFO [main] org.apache.catalina.core.ApplicationContext.log ContextListener: contextDestroyed()
03-Jul-2024 17:00:22.856 INFO [main] org.apache.catalina.core.ApplicationContext.log ContextListener: contextInitialized()
03-Jul-2024 17:00:22.856 INFO [main] org.apache.catalina.core.ApplicationContext.log SessionListener: contextInitialized()
03-Jul-2024 17:00:22.862 INFO [main] org.apache.catalina.core.ApplicationContext.log ContextListener: attributeAdded('StockTicker', 'async.Stockticker@40250ddd')
03-Jul-2024 17:02:09.967 INFO [main] org.apache.catalina.core.ApplicationContext.log SessionListener: contextDestroyed()
03-Jul-2024 17:02:09.967 INFO [main] org.apache.catalina.core.ApplicationContext.log ContextListener: contextDestroyed()
03-Jul-2024 17:31:30.391 INFO [main] org.apache.catalina.core.ApplicationContext.log ContextListener: contextInitialized()
03-Jul-2024 17:31:30.391 INFO [main] org.apache.catalina.core.ApplicationContext.log SessionListener: contextInitialized()
03-Jul-2024 17:31:30.394 INFO [main] org.apache.catalina.core.ApplicationContext.log ContextListener: attributeAdded('StockTicker', 'async.Stockticker@440086')
03-Jul-2024 17:44:03.768 INFO [main] org.apache.catalina.core.ApplicationContext.log SessionListener: contextDestroyed()
03-Jul-2024 17:44:03.768 INFO [main] org.apache.catalina.core.ApplicationContext.log ContextListener: contextDestroyed()
