12-Nov-2024 10:25:51.015 INFO [main] org.apache.catalina.core.ApplicationContext.log ContextListener: contextInitialized()
12-Nov-2024 10:25:51.016 INFO [main] org.apache.catalina.core.ApplicationContext.log SessionListener: contextInitialized()
12-Nov-2024 10:25:51.019 INFO [main] org.apache.catalina.core.ApplicationContext.log ContextListener: attributeAdded('StockTicker', 'async.Stockticker@6748d248')
12-Nov-2024 10:27:30.569 SEVERE [http-nio-8080-exec-14] org.apache.catalina.core.StandardWrapperValve.invoke El Servlet.service() para el servlet [jsp] en el contexto con ruta [/SistemaRegistroDetendosPenales] lanzó la excepción [No se puede compilar la clase para JSP: 

Ha tenido lugar un error en la línea: [735] en el fichero java generado: [C:\Users\jonii\OneDrive\Documentos\NetBeansProjects\SistemaRegistroDetendosPenales\apache-tomcat-9.0.87\work\Catalina\localhost\SistemaRegistroDetendosPenales\org\apache\jsp\reporteEstadistico_jsp.java]
Syntax error, insert "else Statement" to complete IfStatement

Ha tenido lugar un error en la línea: [735] en el fichero java generado: [C:\Users\jonii\OneDrive\Documentos\NetBeansProjects\SistemaRegistroDetendosPenales\apache-tomcat-9.0.87\work\Catalina\localhost\SistemaRegistroDetendosPenales\org\apache\jsp\reporteEstadistico_jsp.java]
Syntax error, insert "}" to complete Block

Ha tenido lugar un error en la línea: [752] en el fichero java generado: [C:\Users\jonii\OneDrive\Documentos\NetBeansProjects\SistemaRegistroDetendosPenales\apache-tomcat-9.0.87\work\Catalina\localhost\SistemaRegistroDetendosPenales\org\apache\jsp\reporteEstadistico_jsp.java]
Syntax error on token "}", delete this token

Ha tenido lugar un error en la línea: [753] en el fichero java generado: [C:\Users\jonii\OneDrive\Documentos\NetBeansProjects\SistemaRegistroDetendosPenales\apache-tomcat-9.0.87\work\Catalina\localhost\SistemaRegistroDetendosPenales\org\apache\jsp\reporteEstadistico_jsp.java]
Syntax error, insert "}" to complete ClassBody

Stacktrace:] con causa raíz
	org.apache.jasper.JasperException: No se puede compilar la clase para JSP: 

Ha tenido lugar un error en la línea: [735] en el fichero java generado: [C:\Users\jonii\OneDrive\Documentos\NetBeansProjects\SistemaRegistroDetendosPenales\apache-tomcat-9.0.87\work\Catalina\localhost\SistemaRegistroDetendosPenales\org\apache\jsp\reporteEstadistico_jsp.java]
Syntax error, insert "else Statement" to complete IfStatement

Ha tenido lugar un error en la línea: [735] en el fichero java generado: [C:\Users\jonii\OneDrive\Documentos\NetBeansProjects\SistemaRegistroDetendosPenales\apache-tomcat-9.0.87\work\Catalina\localhost\SistemaRegistroDetendosPenales\org\apache\jsp\reporteEstadistico_jsp.java]
Syntax error, insert "}" to complete Block

Ha tenido lugar un error en la línea: [752] en el fichero java generado: [C:\Users\jonii\OneDrive\Documentos\NetBeansProjects\SistemaRegistroDetendosPenales\apache-tomcat-9.0.87\work\Catalina\localhost\SistemaRegistroDetendosPenales\org\apache\jsp\reporteEstadistico_jsp.java]
Syntax error on token "}", delete this token

Ha tenido lugar un error en la línea: [753] en el fichero java generado: [C:\Users\jonii\OneDrive\Documentos\NetBeansProjects\SistemaRegistroDetendosPenales\apache-tomcat-9.0.87\work\Catalina\localhost\SistemaRegistroDetendosPenales\org\apache\jsp\reporteEstadistico_jsp.java]
Syntax error, insert "}" to complete ClassBody

Stacktrace:
		at org.apache.jasper.compiler.DefaultErrorHandler.javacError(DefaultErrorHandler.java:102)
		at org.apache.jasper.compiler.ErrorDispatcher.javacError(ErrorDispatcher.java:214)
		at org.apache.jasper.compiler.JDTCompiler.generateClass(JDTCompiler.java:542)
		at org.apache.jasper.compiler.Compiler.compile(Compiler.java:398)
		at org.apache.jasper.compiler.Compiler.compile(Compiler.java:368)
		at org.apache.jasper.compiler.Compiler.compile(Compiler.java:352)
		at org.apache.jasper.JspCompilationContext.compile(JspCompilationContext.java:603)
		at org.apache.jasper.servlet.JspServletWrapper.service(JspServletWrapper.java:399)
		at org.apache.jasper.servlet.JspServlet.serviceJspFile(JspServlet.java:379)
		at org.apache.jasper.servlet.JspServlet.service(JspServlet.java:327)
		at javax.servlet.http.HttpServlet.service(HttpServlet.java:623)
		at org.apache.catalina.core.ApplicationFilterChain.internalDoFilter(ApplicationFilterChain.java:210)
		at org.apache.catalina.core.ApplicationFilterChain.doFilter(ApplicationFilterChain.java:154)
		at org.apache.tomcat.websocket.server.WsFilter.doFilter(WsFilter.java:51)
		at org.apache.catalina.core.ApplicationFilterChain.internalDoFilter(ApplicationFilterChain.java:179)
		at org.apache.catalina.core.ApplicationFilterChain.doFilter(ApplicationFilterChain.java:154)
		at org.apache.catalina.core.StandardWrapperValve.invoke(StandardWrapperValve.java:168)
		at org.apache.catalina.core.StandardContextValve.invoke(StandardContextValve.java:90)
		at org.apache.catalina.authenticator.AuthenticatorBase.invoke(AuthenticatorBase.java:481)
		at org.apache.catalina.core.StandardHostValve.invoke(StandardHostValve.java:130)
		at org.apache.catalina.valves.ErrorReportValve.invoke(ErrorReportValve.java:93)
		at org.apache.catalina.valves.AbstractAccessLogValve.invoke(AbstractAccessLogValve.java:670)
		at org.apache.catalina.core.StandardEngineValve.invoke(StandardEngineValve.java:74)
		at org.apache.catalina.connector.CoyoteAdapter.service(CoyoteAdapter.java:346)
		at org.apache.coyote.http11.Http11Processor.service(Http11Processor.java:390)
		at org.apache.coyote.AbstractProcessorLight.process(AbstractProcessorLight.java:63)
		at org.apache.coyote.AbstractProtocol$ConnectionHandler.process(AbstractProtocol.java:928)
		at org.apache.tomcat.util.net.NioEndpoint$SocketProcessor.doRun(NioEndpoint.java:1786)
		at org.apache.tomcat.util.net.SocketProcessorBase.run(SocketProcessorBase.java:52)
		at org.apache.tomcat.util.threads.ThreadPoolExecutor.runWorker(ThreadPoolExecutor.java:1191)
		at org.apache.tomcat.util.threads.ThreadPoolExecutor$Worker.run(ThreadPoolExecutor.java:659)
		at org.apache.tomcat.util.threads.TaskThread$WrappingRunnable.run(TaskThread.java:63)
		at java.base/java.lang.Thread.run(Thread.java:842)
12-Nov-2024 10:27:42.472 SEVERE [http-nio-8080-exec-16] org.apache.catalina.core.StandardWrapperValve.invoke El Servlet.service() para el servlet [jsp] en el contexto con ruta [/SistemaRegistroDetendosPenales] lanzó la excepción [No se puede compilar la clase para JSP: 

Ha tenido lugar un error en la línea: [735] en el fichero java generado: [C:\Users\jonii\OneDrive\Documentos\NetBeansProjects\SistemaRegistroDetendosPenales\apache-tomcat-9.0.87\work\Catalina\localhost\SistemaRegistroDetendosPenales\org\apache\jsp\reporteEstadistico_jsp.java]
Syntax error, insert "else Statement" to complete IfStatement

Ha tenido lugar un error en la línea: [735] en el fichero java generado: [C:\Users\jonii\OneDrive\Documentos\NetBeansProjects\SistemaRegistroDetendosPenales\apache-tomcat-9.0.87\work\Catalina\localhost\SistemaRegistroDetendosPenales\org\apache\jsp\reporteEstadistico_jsp.java]
Syntax error, insert "}" to complete Block

Ha tenido lugar un error en la línea: [752] en el fichero java generado: [C:\Users\jonii\OneDrive\Documentos\NetBeansProjects\SistemaRegistroDetendosPenales\apache-tomcat-9.0.87\work\Catalina\localhost\SistemaRegistroDetendosPenales\org\apache\jsp\reporteEstadistico_jsp.java]
Syntax error on token "}", delete this token

Ha tenido lugar un error en la línea: [753] en el fichero java generado: [C:\Users\jonii\OneDrive\Documentos\NetBeansProjects\SistemaRegistroDetendosPenales\apache-tomcat-9.0.87\work\Catalina\localhost\SistemaRegistroDetendosPenales\org\apache\jsp\reporteEstadistico_jsp.java]
Syntax error, insert "}" to complete ClassBody

Stacktrace:] con causa raíz
	org.apache.jasper.JasperException: No se puede compilar la clase para JSP: 

Ha tenido lugar un error en la línea: [735] en el fichero java generado: [C:\Users\jonii\OneDrive\Documentos\NetBeansProjects\SistemaRegistroDetendosPenales\apache-tomcat-9.0.87\work\Catalina\localhost\SistemaRegistroDetendosPenales\org\apache\jsp\reporteEstadistico_jsp.java]
Syntax error, insert "else Statement" to complete IfStatement

Ha tenido lugar un error en la línea: [735] en el fichero java generado: [C:\Users\jonii\OneDrive\Documentos\NetBeansProjects\SistemaRegistroDetendosPenales\apache-tomcat-9.0.87\work\Catalina\localhost\SistemaRegistroDetendosPenales\org\apache\jsp\reporteEstadistico_jsp.java]
Syntax error, insert "}" to complete Block

Ha tenido lugar un error en la línea: [752] en el fichero java generado: [C:\Users\jonii\OneDrive\Documentos\NetBeansProjects\SistemaRegistroDetendosPenales\apache-tomcat-9.0.87\work\Catalina\localhost\SistemaRegistroDetendosPenales\org\apache\jsp\reporteEstadistico_jsp.java]
Syntax error on token "}", delete this token

Ha tenido lugar un error en la línea: [753] en el fichero java generado: [C:\Users\jonii\OneDrive\Documentos\NetBeansProjects\SistemaRegistroDetendosPenales\apache-tomcat-9.0.87\work\Catalina\localhost\SistemaRegistroDetendosPenales\org\apache\jsp\reporteEstadistico_jsp.java]
Syntax error, insert "}" to complete ClassBody

Stacktrace:
		at org.apache.jasper.compiler.DefaultErrorHandler.javacError(DefaultErrorHandler.java:102)
		at org.apache.jasper.compiler.ErrorDispatcher.javacError(ErrorDispatcher.java:214)
		at org.apache.jasper.compiler.JDTCompiler.generateClass(JDTCompiler.java:542)
		at org.apache.jasper.compiler.Compiler.compile(Compiler.java:398)
		at org.apache.jasper.compiler.Compiler.compile(Compiler.java:368)
		at org.apache.jasper.compiler.Compiler.compile(Compiler.java:352)
		at org.apache.jasper.JspCompilationContext.compile(JspCompilationContext.java:603)
		at org.apache.jasper.servlet.JspServletWrapper.service(JspServletWrapper.java:399)
		at org.apache.jasper.servlet.JspServlet.serviceJspFile(JspServlet.java:379)
		at org.apache.jasper.servlet.JspServlet.service(JspServlet.java:327)
		at javax.servlet.http.HttpServlet.service(HttpServlet.java:623)
		at org.apache.catalina.core.ApplicationFilterChain.internalDoFilter(ApplicationFilterChain.java:210)
		at org.apache.catalina.core.ApplicationFilterChain.doFilter(ApplicationFilterChain.java:154)
		at org.apache.tomcat.websocket.server.WsFilter.doFilter(WsFilter.java:51)
		at org.apache.catalina.core.ApplicationFilterChain.internalDoFilter(ApplicationFilterChain.java:179)
		at org.apache.catalina.core.ApplicationFilterChain.doFilter(ApplicationFilterChain.java:154)
		at org.apache.catalina.core.StandardWrapperValve.invoke(StandardWrapperValve.java:168)
		at org.apache.catalina.core.StandardContextValve.invoke(StandardContextValve.java:90)
		at org.apache.catalina.authenticator.AuthenticatorBase.invoke(AuthenticatorBase.java:481)
		at org.apache.catalina.core.StandardHostValve.invoke(StandardHostValve.java:130)
		at org.apache.catalina.valves.ErrorReportValve.invoke(ErrorReportValve.java:93)
		at org.apache.catalina.valves.AbstractAccessLogValve.invoke(AbstractAccessLogValve.java:670)
		at org.apache.catalina.core.StandardEngineValve.invoke(StandardEngineValve.java:74)
		at org.apache.catalina.connector.CoyoteAdapter.service(CoyoteAdapter.java:346)
		at org.apache.coyote.http11.Http11Processor.service(Http11Processor.java:390)
		at org.apache.coyote.AbstractProcessorLight.process(AbstractProcessorLight.java:63)
		at org.apache.coyote.AbstractProtocol$ConnectionHandler.process(AbstractProtocol.java:928)
		at org.apache.tomcat.util.net.NioEndpoint$SocketProcessor.doRun(NioEndpoint.java:1786)
		at org.apache.tomcat.util.net.SocketProcessorBase.run(SocketProcessorBase.java:52)
		at org.apache.tomcat.util.threads.ThreadPoolExecutor.runWorker(ThreadPoolExecutor.java:1191)
		at org.apache.tomcat.util.threads.ThreadPoolExecutor$Worker.run(ThreadPoolExecutor.java:659)
		at org.apache.tomcat.util.threads.TaskThread$WrappingRunnable.run(TaskThread.java:63)
		at java.base/java.lang.Thread.run(Thread.java:842)
12-Nov-2024 10:32:10.049 INFO [main] org.apache.catalina.core.ApplicationContext.log SessionListener: contextDestroyed()
12-Nov-2024 10:32:10.049 INFO [main] org.apache.catalina.core.ApplicationContext.log ContextListener: contextDestroyed()
12-Nov-2024 10:32:39.605 INFO [main] org.apache.catalina.core.ApplicationContext.log ContextListener: contextInitialized()
12-Nov-2024 10:32:39.606 INFO [main] org.apache.catalina.core.ApplicationContext.log SessionListener: contextInitialized()
12-Nov-2024 10:32:39.609 INFO [main] org.apache.catalina.core.ApplicationContext.log ContextListener: attributeAdded('StockTicker', 'async.Stockticker@5e878fb1')
12-Nov-2024 10:33:08.109 SEVERE [http-nio-8080-exec-1] org.apache.catalina.core.StandardWrapperValve.invoke Servlet.service() para servlet [SVReporteEstadistico] lanzó excepción
	java.lang.IllegalStateException: No puedo llamar a sendRedirect() tras llevar a cabo la respuesta
		at org.apache.catalina.connector.ResponseFacade.checkCommitted(ResponseFacade.java:511)
		at org.apache.catalina.connector.ResponseFacade.sendRedirect(ResponseFacade.java:360)
		at servlets.SVReporteEstadistico.doGet(SVReporteEstadistico.java:76)
		at javax.servlet.http.HttpServlet.service(HttpServlet.java:529)
		at javax.servlet.http.HttpServlet.service(HttpServlet.java:623)
		at org.apache.catalina.core.ApplicationFilterChain.internalDoFilter(ApplicationFilterChain.java:210)
		at org.apache.catalina.core.ApplicationFilterChain.doFilter(ApplicationFilterChain.java:154)
		at org.apache.tomcat.websocket.server.WsFilter.doFilter(WsFilter.java:51)
		at org.apache.catalina.core.ApplicationFilterChain.internalDoFilter(ApplicationFilterChain.java:179)
		at org.apache.catalina.core.ApplicationFilterChain.doFilter(ApplicationFilterChain.java:154)
		at org.apache.catalina.core.StandardWrapperValve.invoke(StandardWrapperValve.java:168)
		at org.apache.catalina.core.StandardContextValve.invoke(StandardContextValve.java:90)
		at org.apache.catalina.authenticator.AuthenticatorBase.invoke(AuthenticatorBase.java:481)
		at org.apache.catalina.core.StandardHostValve.invoke(StandardHostValve.java:130)
		at org.apache.catalina.valves.ErrorReportValve.invoke(ErrorReportValve.java:93)
		at org.apache.catalina.valves.AbstractAccessLogValve.invoke(AbstractAccessLogValve.java:670)
		at org.apache.catalina.core.StandardEngineValve.invoke(StandardEngineValve.java:74)
		at org.apache.catalina.connector.CoyoteAdapter.service(CoyoteAdapter.java:346)
		at org.apache.coyote.http11.Http11Processor.service(Http11Processor.java:390)
		at org.apache.coyote.AbstractProcessorLight.process(AbstractProcessorLight.java:63)
		at org.apache.coyote.AbstractProtocol$ConnectionHandler.process(AbstractProtocol.java:928)
		at org.apache.tomcat.util.net.NioEndpoint$SocketProcessor.doRun(NioEndpoint.java:1786)
		at org.apache.tomcat.util.net.SocketProcessorBase.run(SocketProcessorBase.java:52)
		at org.apache.tomcat.util.threads.ThreadPoolExecutor.runWorker(ThreadPoolExecutor.java:1191)
		at org.apache.tomcat.util.threads.ThreadPoolExecutor$Worker.run(ThreadPoolExecutor.java:659)
		at org.apache.tomcat.util.threads.TaskThread$WrappingRunnable.run(TaskThread.java:63)
		at java.base/java.lang.Thread.run(Thread.java:842)
12-Nov-2024 10:34:03.029 INFO [main] org.apache.catalina.core.ApplicationContext.log SessionListener: contextDestroyed()
12-Nov-2024 10:34:03.029 INFO [main] org.apache.catalina.core.ApplicationContext.log ContextListener: contextDestroyed()
12-Nov-2024 10:34:39.405 INFO [main] org.apache.catalina.core.ApplicationContext.log ContextListener: contextInitialized()
12-Nov-2024 10:34:39.405 INFO [main] org.apache.catalina.core.ApplicationContext.log SessionListener: contextInitialized()
12-Nov-2024 10:34:39.412 INFO [main] org.apache.catalina.core.ApplicationContext.log ContextListener: attributeAdded('StockTicker', 'async.Stockticker@6de5e190')
12-Nov-2024 10:37:02.878 INFO [main] org.apache.catalina.core.ApplicationContext.log SessionListener: contextDestroyed()
12-Nov-2024 10:37:02.878 INFO [main] org.apache.catalina.core.ApplicationContext.log ContextListener: contextDestroyed()
12-Nov-2024 10:37:40.211 INFO [main] org.apache.catalina.core.ApplicationContext.log ContextListener: contextInitialized()
12-Nov-2024 10:37:40.211 INFO [main] org.apache.catalina.core.ApplicationContext.log SessionListener: contextInitialized()
12-Nov-2024 10:37:40.216 INFO [main] org.apache.catalina.core.ApplicationContext.log ContextListener: attributeAdded('StockTicker', 'async.Stockticker@3ee910d0')
12-Nov-2024 10:41:04.029 INFO [main] org.apache.catalina.core.ApplicationContext.log SessionListener: contextDestroyed()
12-Nov-2024 10:41:04.030 INFO [main] org.apache.catalina.core.ApplicationContext.log ContextListener: contextDestroyed()
12-Nov-2024 10:41:38.101 INFO [main] org.apache.catalina.core.ApplicationContext.log ContextListener: contextInitialized()
12-Nov-2024 10:41:38.101 INFO [main] org.apache.catalina.core.ApplicationContext.log SessionListener: contextInitialized()
12-Nov-2024 10:41:38.104 INFO [main] org.apache.catalina.core.ApplicationContext.log ContextListener: attributeAdded('StockTicker', 'async.Stockticker@551a24f')
12-Nov-2024 10:48:09.035 INFO [main] org.apache.catalina.core.ApplicationContext.log SessionListener: contextDestroyed()
12-Nov-2024 10:48:09.036 INFO [main] org.apache.catalina.core.ApplicationContext.log ContextListener: contextDestroyed()
12-Nov-2024 10:52:02.555 INFO [main] org.apache.catalina.core.ApplicationContext.log ContextListener: contextInitialized()
12-Nov-2024 10:52:02.555 INFO [main] org.apache.catalina.core.ApplicationContext.log SessionListener: contextInitialized()
12-Nov-2024 10:52:02.558 INFO [main] org.apache.catalina.core.ApplicationContext.log ContextListener: attributeAdded('StockTicker', 'async.Stockticker@5615f2ac')
12-Nov-2024 10:52:45.487 INFO [main] org.apache.catalina.core.ApplicationContext.log SessionListener: contextDestroyed()
12-Nov-2024 10:52:45.488 INFO [main] org.apache.catalina.core.ApplicationContext.log ContextListener: contextDestroyed()
12-Nov-2024 11:02:51.676 INFO [main] org.apache.catalina.core.ApplicationContext.log ContextListener: contextInitialized()
12-Nov-2024 11:02:51.676 INFO [main] org.apache.catalina.core.ApplicationContext.log SessionListener: contextInitialized()
12-Nov-2024 11:02:51.691 INFO [main] org.apache.catalina.core.ApplicationContext.log ContextListener: attributeAdded('StockTicker', 'async.Stockticker@288c6f9')
12-Nov-2024 12:00:18.798 INFO [main] org.apache.catalina.core.ApplicationContext.log ContextListener: contextInitialized()
12-Nov-2024 12:00:18.800 INFO [main] org.apache.catalina.core.ApplicationContext.log SessionListener: contextInitialized()
12-Nov-2024 12:00:18.805 INFO [main] org.apache.catalina.core.ApplicationContext.log ContextListener: attributeAdded('StockTicker', 'async.Stockticker@3f75a353')
12-Nov-2024 12:05:04.855 INFO [main] org.apache.catalina.core.ApplicationContext.log ContextListener: contextInitialized()
12-Nov-2024 12:05:04.856 INFO [main] org.apache.catalina.core.ApplicationContext.log SessionListener: contextInitialized()
12-Nov-2024 12:05:04.859 INFO [main] org.apache.catalina.core.ApplicationContext.log ContextListener: attributeAdded('StockTicker', 'async.Stockticker@62bab0a4')
12-Nov-2024 12:18:03.952 INFO [main] org.apache.catalina.core.ApplicationContext.log SessionListener: contextDestroyed()
12-Nov-2024 12:18:03.952 INFO [main] org.apache.catalina.core.ApplicationContext.log ContextListener: contextDestroyed()
12-Nov-2024 12:18:36.214 INFO [main] org.apache.catalina.core.ApplicationContext.log ContextListener: contextInitialized()
12-Nov-2024 12:18:36.214 INFO [main] org.apache.catalina.core.ApplicationContext.log SessionListener: contextInitialized()
12-Nov-2024 12:18:36.221 INFO [main] org.apache.catalina.core.ApplicationContext.log ContextListener: attributeAdded('StockTicker', 'async.Stockticker@15f51c50')
12-Nov-2024 12:24:45.573 INFO [main] org.apache.catalina.core.ApplicationContext.log SessionListener: contextDestroyed()
12-Nov-2024 12:24:45.573 INFO [main] org.apache.catalina.core.ApplicationContext.log ContextListener: contextDestroyed()
