24-Oct-2024 05:16:26.461 INFO [http-nio-8080-exec-7] org.apache.catalina.core.ApplicationContext.log Manager: init: Associated with Deployer 'Catalina:type=Deployer,host=localhost'
24-Oct-2024 05:16:26.462 INFO [http-nio-8080-exec-7] org.apache.catalina.core.ApplicationContext.log Manager: init: Global resources are available
24-Oct-2024 05:16:26.531 INFO [http-nio-8080-exec-9] org.apache.catalina.core.ApplicationContext.log Manager: list: Listing contexts for virtual host 'localhost'
24-Oct-2024 05:16:26.536 INFO [http-nio-8080-exec-6] org.apache.catalina.core.ApplicationContext.log Manager: list: Listing contexts for virtual host 'localhost'
24-Oct-2024 05:16:26.547 INFO [http-nio-8080-exec-1] org.apache.catalina.core.ApplicationContext.log Manager: undeploy: Undeploying web application at '/SistemaRegistroDetendosPenales'
24-Oct-2024 05:16:27.136 INFO [http-nio-8080-exec-10] org.apache.catalina.core.ApplicationContext.log Manager: install: Installing context configuration at 'file:/C:/Users/jonii/AppData/Local/Temp/context13609821002772139652.xml'
24-Oct-2024 05:16:30.759 INFO [http-nio-8080-exec-6] org.apache.catalina.core.ApplicationContext.log Manager: start: Starting web application '/SistemaRegistroDetendosPenales'
24-Oct-2024 05:47:31.665 INFO [http-nio-8080-exec-14] org.apache.catalina.core.ApplicationContext.log Manager: list: Listing contexts for virtual host 'localhost'
24-Oct-2024 05:47:31.668 INFO [http-nio-8080-exec-11] org.apache.catalina.core.ApplicationContext.log Manager: list: Listing contexts for virtual host 'localhost'
24-Oct-2024 05:47:31.680 INFO [http-nio-8080-exec-16] org.apache.catalina.core.ApplicationContext.log Manager: undeploy: Undeploying web application at '/SistemaRegistroDetendosPenales'
24-Oct-2024 05:47:32.280 INFO [http-nio-8080-exec-18] org.apache.catalina.core.ApplicationContext.log Manager: install: Installing context configuration at 'file:/C:/Users/jonii/AppData/Local/Temp/context16503510684463741603.xml'
24-Oct-2024 05:47:35.956 INFO [http-nio-8080-exec-15] org.apache.catalina.core.ApplicationContext.log Manager: start: Starting web application '/SistemaRegistroDetendosPenales'
24-Oct-2024 06:02:55.619 INFO [http-nio-8080-exec-30] org.apache.catalina.core.ApplicationContext.log Manager: list: Listing contexts for virtual host 'localhost'
24-Oct-2024 06:02:55.622 INFO [http-nio-8080-exec-21] org.apache.catalina.core.ApplicationContext.log Manager: list: Listing contexts for virtual host 'localhost'
24-Oct-2024 06:02:55.631 INFO [http-nio-8080-exec-22] org.apache.catalina.core.ApplicationContext.log Manager: undeploy: Undeploying web application at '/SistemaRegistroDetendosPenales'
24-Oct-2024 06:02:56.214 INFO [http-nio-8080-exec-28] org.apache.catalina.core.ApplicationContext.log Manager: install: Installing context configuration at 'file:/C:/Users/jonii/AppData/Local/Temp/context4098668715948716661.xml'
24-Oct-2024 06:02:58.923 INFO [http-nio-8080-exec-30] org.apache.catalina.core.ApplicationContext.log Manager: start: Starting web application '/SistemaRegistroDetendosPenales'
24-Oct-2024 06:11:07.804 INFO [http-nio-8080-exec-40] org.apache.catalina.core.ApplicationContext.log Manager: list: Listing contexts for virtual host 'localhost'
24-Oct-2024 06:11:07.807 INFO [http-nio-8080-exec-35] org.apache.catalina.core.ApplicationContext.log Manager: list: Listing contexts for virtual host 'localhost'
24-Oct-2024 06:11:07.815 INFO [http-nio-8080-exec-34] org.apache.catalina.core.ApplicationContext.log Manager: undeploy: Undeploying web application at '/SistemaRegistroDetendosPenales'
24-Oct-2024 06:11:08.393 INFO [http-nio-8080-exec-39] org.apache.catalina.core.ApplicationContext.log Manager: install: Installing context configuration at 'file:/C:/Users/jonii/AppData/Local/Temp/context14538464427166879937.xml'
24-Oct-2024 06:11:10.946 INFO [http-nio-8080-exec-35] org.apache.catalina.core.ApplicationContext.log Manager: start: Starting web application '/SistemaRegistroDetendosPenales'
24-Oct-2024 06:33:55.252 INFO [http-nio-8080-exec-46] org.apache.catalina.core.ApplicationContext.log Manager: list: Listing contexts for virtual host 'localhost'
24-Oct-2024 06:33:55.254 INFO [http-nio-8080-exec-47] org.apache.catalina.core.ApplicationContext.log Manager: list: Listing contexts for virtual host 'localhost'
24-Oct-2024 06:33:55.264 INFO [http-nio-8080-exec-48] org.apache.catalina.core.ApplicationContext.log Manager: undeploy: Undeploying web application at '/SistemaRegistroDetendosPenales'
24-Oct-2024 06:33:55.853 INFO [http-nio-8080-exec-42] org.apache.catalina.core.ApplicationContext.log Manager: install: Installing context configuration at 'file:/C:/Users/jonii/AppData/Local/Temp/context13925431307072006664.xml'
24-Oct-2024 06:33:58.811 INFO [http-nio-8080-exec-43] org.apache.catalina.core.ApplicationContext.log Manager: start: Starting web application '/SistemaRegistroDetendosPenales'
24-Oct-2024 06:36:15.619 INFO [http-nio-8080-exec-57] org.apache.catalina.core.ApplicationContext.log Manager: list: Listing contexts for virtual host 'localhost'
24-Oct-2024 06:36:15.621 INFO [http-nio-8080-exec-58] org.apache.catalina.core.ApplicationContext.log Manager: list: Listing contexts for virtual host 'localhost'
24-Oct-2024 06:36:15.629 INFO [http-nio-8080-exec-59] org.apache.catalina.core.ApplicationContext.log Manager: undeploy: Undeploying web application at '/SistemaRegistroDetendosPenales'
24-Oct-2024 06:36:16.196 INFO [http-nio-8080-exec-60] org.apache.catalina.core.ApplicationContext.log Manager: install: Installing context configuration at 'file:/C:/Users/jonii/AppData/Local/Temp/context7812144941771247068.xml'
24-Oct-2024 06:36:18.654 INFO [http-nio-8080-exec-58] org.apache.catalina.core.ApplicationContext.log Manager: start: Starting web application '/SistemaRegistroDetendosPenales'
24-Oct-2024 06:37:54.098 INFO [http-nio-8080-exec-67] org.apache.catalina.core.ApplicationContext.log Manager: list: Listing contexts for virtual host 'localhost'
24-Oct-2024 06:37:54.101 INFO [http-nio-8080-exec-68] org.apache.catalina.core.ApplicationContext.log Manager: list: Listing contexts for virtual host 'localhost'
24-Oct-2024 06:37:54.113 INFO [http-nio-8080-exec-69] org.apache.catalina.core.ApplicationContext.log Manager: undeploy: Undeploying web application at '/SistemaRegistroDetendosPenales'
24-Oct-2024 06:37:54.712 INFO [http-nio-8080-exec-63] org.apache.catalina.core.ApplicationContext.log Manager: install: Installing context configuration at 'file:/C:/Users/jonii/AppData/Local/Temp/context8266511326984458789.xml'
24-Oct-2024 06:37:57.211 INFO [http-nio-8080-exec-61] org.apache.catalina.core.ApplicationContext.log Manager: start: Starting web application '/SistemaRegistroDetendosPenales'
24-Oct-2024 06:44:52.990 INFO [http-nio-8080-exec-76] org.apache.catalina.core.ApplicationContext.log Manager: list: Listing contexts for virtual host 'localhost'
24-Oct-2024 06:44:52.993 INFO [http-nio-8080-exec-80] org.apache.catalina.core.ApplicationContext.log Manager: list: Listing contexts for virtual host 'localhost'
24-Oct-2024 06:44:53.001 INFO [http-nio-8080-exec-73] org.apache.catalina.core.ApplicationContext.log Manager: undeploy: Undeploying web application at '/SistemaRegistroDetendosPenales'
24-Oct-2024 06:44:53.565 INFO [http-nio-8080-exec-75] org.apache.catalina.core.ApplicationContext.log Manager: install: Installing context configuration at 'file:/C:/Users/jonii/AppData/Local/Temp/context6648585693670014660.xml'
24-Oct-2024 06:44:56.270 INFO [http-nio-8080-exec-72] org.apache.catalina.core.ApplicationContext.log Manager: start: Starting web application '/SistemaRegistroDetendosPenales'
24-Oct-2024 06:51:40.459 INFO [http-nio-8080-exec-81] org.apache.catalina.core.ApplicationContext.log Manager: list: Listing contexts for virtual host 'localhost'
24-Oct-2024 06:51:40.461 INFO [http-nio-8080-exec-86] org.apache.catalina.core.ApplicationContext.log Manager: list: Listing contexts for virtual host 'localhost'
24-Oct-2024 06:51:40.471 INFO [http-nio-8080-exec-82] org.apache.catalina.core.ApplicationContext.log Manager: undeploy: Undeploying web application at '/SistemaRegistroDetendosPenales'
24-Oct-2024 06:51:41.043 INFO [http-nio-8080-exec-85] org.apache.catalina.core.ApplicationContext.log Manager: install: Installing context configuration at 'file:/C:/Users/jonii/AppData/Local/Temp/context5714903087750621899.xml'
24-Oct-2024 06:51:43.790 INFO [http-nio-8080-exec-89] org.apache.catalina.core.ApplicationContext.log Manager: start: Starting web application '/SistemaRegistroDetendosPenales'
24-Oct-2024 06:56:31.286 INFO [http-nio-8080-exec-97] org.apache.catalina.core.ApplicationContext.log Manager: list: Listing contexts for virtual host 'localhost'
24-Oct-2024 06:56:31.289 INFO [http-nio-8080-exec-98] org.apache.catalina.core.ApplicationContext.log Manager: list: Listing contexts for virtual host 'localhost'
24-Oct-2024 06:56:31.296 INFO [http-nio-8080-exec-99] org.apache.catalina.core.ApplicationContext.log Manager: undeploy: Undeploying web application at '/SistemaRegistroDetendosPenales'
24-Oct-2024 06:56:31.870 INFO [http-nio-8080-exec-96] org.apache.catalina.core.ApplicationContext.log Manager: install: Installing context configuration at 'file:/C:/Users/jonii/AppData/Local/Temp/context378577408135166872.xml'
24-Oct-2024 06:56:35.314 INFO [http-nio-8080-exec-97] org.apache.catalina.core.ApplicationContext.log Manager: start: Starting web application '/SistemaRegistroDetendosPenales'
24-Oct-2024 07:12:26.532 INFO [http-nio-8080-exec-106] org.apache.catalina.core.ApplicationContext.log Manager: list: Listing contexts for virtual host 'localhost'
24-Oct-2024 07:12:26.536 INFO [http-nio-8080-exec-105] org.apache.catalina.core.ApplicationContext.log Manager: list: Listing contexts for virtual host 'localhost'
24-Oct-2024 07:12:26.546 INFO [http-nio-8080-exec-110] org.apache.catalina.core.ApplicationContext.log Manager: undeploy: Undeploying web application at '/SistemaRegistroDetendosPenales'
24-Oct-2024 07:12:27.130 INFO [http-nio-8080-exec-107] org.apache.catalina.core.ApplicationContext.log Manager: install: Installing context configuration at 'file:/C:/Users/jonii/AppData/Local/Temp/context10924212425199284031.xml'
24-Oct-2024 07:12:32.662 INFO [http-nio-8080-exec-108] org.apache.catalina.core.ApplicationContext.log Manager: start: Starting web application '/SistemaRegistroDetendosPenales'
24-Oct-2024 07:33:25.277 INFO [http-nio-8080-exec-117] org.apache.catalina.core.ApplicationContext.log Manager: list: Listing contexts for virtual host 'localhost'
24-Oct-2024 07:33:25.279 INFO [http-nio-8080-exec-113] org.apache.catalina.core.ApplicationContext.log Manager: list: Listing contexts for virtual host 'localhost'
24-Oct-2024 07:33:25.286 INFO [http-nio-8080-exec-118] org.apache.catalina.core.ApplicationContext.log Manager: undeploy: Undeploying web application at '/SistemaRegistroDetendosPenales'
24-Oct-2024 07:33:25.867 INFO [http-nio-8080-exec-114] org.apache.catalina.core.ApplicationContext.log Manager: install: Installing context configuration at 'file:/C:/Users/jonii/AppData/Local/Temp/context17071635705761340998.xml'
24-Oct-2024 07:33:28.653 INFO [http-nio-8080-exec-116] org.apache.catalina.core.ApplicationContext.log Manager: start: Starting web application '/SistemaRegistroDetendosPenales'
