18-Sep-2024 17:45:25.542 INFO [http-nio-8080-exec-7] org.apache.catalina.core.ApplicationContext.log Manager: init: Associated with Deployer 'Catalina:type=Deployer,host=localhost'
18-Sep-2024 17:45:25.542 INFO [http-nio-8080-exec-7] org.apache.catalina.core.ApplicationContext.log Manager: init: Global resources are available
18-Sep-2024 17:45:25.637 INFO [http-nio-8080-exec-3] org.apache.catalina.core.ApplicationContext.log Manager: list: Listing contexts for virtual host 'localhost'
18-Sep-2024 17:45:25.641 INFO [http-nio-8080-exec-10] org.apache.catalina.core.ApplicationContext.log Manager: list: Listing contexts for virtual host 'localhost'
18-Sep-2024 17:45:25.647 INFO [http-nio-8080-exec-2] org.apache.catalina.core.ApplicationContext.log Manager: undeploy: Undeploying web application at '/SistemaRegistroDetendosPenales'
18-Sep-2024 17:45:26.247 INFO [http-nio-8080-exec-3] org.apache.catalina.core.ApplicationContext.log Manager: install: Installing context configuration at 'file:/C:/Users/jonii/AppData/Local/Temp/context9551082111453459837.xml'
18-Sep-2024 17:45:27.842 INFO [http-nio-8080-exec-9] org.apache.catalina.core.ApplicationContext.log Manager: start: Starting web application '/SistemaRegistroDetendosPenales'
18-Sep-2024 18:00:07.961 INFO [http-nio-8080-exec-14] org.apache.catalina.core.ApplicationContext.log Manager: list: Listing contexts for virtual host 'localhost'
18-Sep-2024 18:00:07.961 INFO [http-nio-8080-exec-20] org.apache.catalina.core.ApplicationContext.log Manager: list: Listing contexts for virtual host 'localhost'
18-Sep-2024 18:00:07.981 INFO [http-nio-8080-exec-15] org.apache.catalina.core.ApplicationContext.log Manager: undeploy: Undeploying web application at '/SistemaRegistroDetendosPenales'
18-Sep-2024 18:00:08.556 INFO [http-nio-8080-exec-20] org.apache.catalina.core.ApplicationContext.log Manager: install: Installing context configuration at 'file:/C:/Users/jonii/AppData/Local/Temp/context17041849999258949089.xml'
18-Sep-2024 18:00:10.659 INFO [http-nio-8080-exec-19] org.apache.catalina.core.ApplicationContext.log Manager: start: Starting web application '/SistemaRegistroDetendosPenales'
18-Sep-2024 18:04:06.242 INFO [http-nio-8080-exec-27] org.apache.catalina.core.ApplicationContext.log Manager: list: Listing contexts for virtual host 'localhost'
18-Sep-2024 18:04:06.244 INFO [http-nio-8080-exec-23] org.apache.catalina.core.ApplicationContext.log Manager: list: Listing contexts for virtual host 'localhost'
18-Sep-2024 18:04:06.254 INFO [http-nio-8080-exec-28] org.apache.catalina.core.ApplicationContext.log Manager: undeploy: Undeploying web application at '/SistemaRegistroDetendosPenales'
18-Sep-2024 18:04:06.822 INFO [http-nio-8080-exec-26] org.apache.catalina.core.ApplicationContext.log Manager: install: Installing context configuration at 'file:/C:/Users/jonii/AppData/Local/Temp/context9211428502870520954.xml'
18-Sep-2024 18:04:07.748 INFO [http-nio-8080-exec-23] org.apache.catalina.core.ApplicationContext.log Manager: list: Listing contexts for virtual host 'localhost'
18-Sep-2024 18:04:07.763 INFO [http-nio-8080-exec-31] org.apache.catalina.core.ApplicationContext.log Manager: list: Listing contexts for virtual host 'localhost'
18-Sep-2024 18:04:08.678 INFO [http-nio-8080-exec-21] org.apache.catalina.core.ApplicationContext.log Manager: undeploy: Undeploying web application at '/SistemaRegistroDetendosPenales'
18-Sep-2024 18:04:09.201 INFO [http-nio-8080-exec-27] org.apache.catalina.core.ApplicationContext.log Manager: start: Starting web application '/SistemaRegistroDetendosPenales'
18-Sep-2024 18:04:09.231 INFO [http-nio-8080-exec-29] org.apache.catalina.core.ApplicationContext.log Manager: install: Installing context configuration at 'file:/C:/Users/jonii/AppData/Local/Temp/context12493642155602709463.xml'
18-Sep-2024 18:04:10.914 INFO [http-nio-8080-exec-22] org.apache.catalina.core.ApplicationContext.log Manager: start: Starting web application '/SistemaRegistroDetendosPenales'
18-Sep-2024 18:06:14.145 INFO [http-nio-8080-exec-40] org.apache.catalina.core.ApplicationContext.log Manager: list: Listing contexts for virtual host 'localhost'
18-Sep-2024 18:06:14.148 INFO [http-nio-8080-exec-39] org.apache.catalina.core.ApplicationContext.log Manager: list: Listing contexts for virtual host 'localhost'
18-Sep-2024 18:06:14.154 INFO [http-nio-8080-exec-41] org.apache.catalina.core.ApplicationContext.log Manager: undeploy: Undeploying web application at '/SistemaRegistroDetendosPenales'
18-Sep-2024 18:06:14.698 INFO [http-nio-8080-exec-35] org.apache.catalina.core.ApplicationContext.log Manager: install: Installing context configuration at 'file:/C:/Users/jonii/AppData/Local/Temp/context4638625985174915974.xml'
18-Sep-2024 18:06:16.345 INFO [http-nio-8080-exec-36] org.apache.catalina.core.ApplicationContext.log Manager: start: Starting web application '/SistemaRegistroDetendosPenales'
18-Sep-2024 18:18:55.079 INFO [http-nio-8080-exec-44] org.apache.catalina.core.ApplicationContext.log Manager: list: Listing contexts for virtual host 'localhost'
18-Sep-2024 18:18:55.082 INFO [http-nio-8080-exec-48] org.apache.catalina.core.ApplicationContext.log Manager: list: Listing contexts for virtual host 'localhost'
18-Sep-2024 18:18:55.090 INFO [http-nio-8080-exec-49] org.apache.catalina.core.ApplicationContext.log Manager: undeploy: Undeploying web application at '/SistemaRegistroDetendosPenales'
18-Sep-2024 18:18:55.635 INFO [http-nio-8080-exec-43] org.apache.catalina.core.ApplicationContext.log Manager: install: Installing context configuration at 'file:/C:/Users/jonii/AppData/Local/Temp/context800056213802902116.xml'
18-Sep-2024 18:18:57.017 INFO [http-nio-8080-exec-51] org.apache.catalina.core.ApplicationContext.log Manager: start: Starting web application '/SistemaRegistroDetendosPenales'
18-Sep-2024 18:23:32.042 INFO [http-nio-8080-exec-62] org.apache.catalina.core.ApplicationContext.log Manager: list: Listing contexts for virtual host 'localhost'
18-Sep-2024 18:23:32.045 INFO [http-nio-8080-exec-59] org.apache.catalina.core.ApplicationContext.log Manager: list: Listing contexts for virtual host 'localhost'
18-Sep-2024 18:23:32.053 INFO [http-nio-8080-exec-55] org.apache.catalina.core.ApplicationContext.log Manager: undeploy: Undeploying web application at '/SistemaRegistroDetendosPenales'
18-Sep-2024 18:23:32.614 INFO [http-nio-8080-exec-60] org.apache.catalina.core.ApplicationContext.log Manager: install: Installing context configuration at 'file:/C:/Users/jonii/AppData/Local/Temp/context14065855949753482193.xml'
18-Sep-2024 18:23:34.136 INFO [http-nio-8080-exec-58] org.apache.catalina.core.ApplicationContext.log Manager: start: Starting web application '/SistemaRegistroDetendosPenales'
18-Sep-2024 18:30:55.070 INFO [http-nio-8080-exec-70] org.apache.catalina.core.ApplicationContext.log Manager: list: Listing contexts for virtual host 'localhost'
18-Sep-2024 18:30:55.073 INFO [http-nio-8080-exec-67] org.apache.catalina.core.ApplicationContext.log Manager: list: Listing contexts for virtual host 'localhost'
18-Sep-2024 18:30:55.080 INFO [http-nio-8080-exec-71] org.apache.catalina.core.ApplicationContext.log Manager: undeploy: Undeploying web application at '/SistemaRegistroDetendosPenales'
18-Sep-2024 18:30:55.628 INFO [http-nio-8080-exec-67] org.apache.catalina.core.ApplicationContext.log Manager: install: Installing context configuration at 'file:/C:/Users/jonii/AppData/Local/Temp/context8144920076348744299.xml'
18-Sep-2024 18:30:57.088 INFO [http-nio-8080-exec-70] org.apache.catalina.core.ApplicationContext.log Manager: start: Starting web application '/SistemaRegistroDetendosPenales'
18-Sep-2024 18:42:44.951 INFO [http-nio-8080-exec-79] org.apache.catalina.core.ApplicationContext.log Manager: list: Listing contexts for virtual host 'localhost'
18-Sep-2024 18:42:44.953 INFO [http-nio-8080-exec-75] org.apache.catalina.core.ApplicationContext.log Manager: list: Listing contexts for virtual host 'localhost'
18-Sep-2024 18:42:44.961 INFO [http-nio-8080-exec-80] org.apache.catalina.core.ApplicationContext.log Manager: undeploy: Undeploying web application at '/SistemaRegistroDetendosPenales'
18-Sep-2024 18:42:45.513 INFO [http-nio-8080-exec-81] org.apache.catalina.core.ApplicationContext.log Manager: install: Installing context configuration at 'file:/C:/Users/jonii/AppData/Local/Temp/context11200235958599500769.xml'
18-Sep-2024 18:42:47.005 INFO [http-nio-8080-exec-74] org.apache.catalina.core.ApplicationContext.log Manager: start: Starting web application '/SistemaRegistroDetendosPenales'
18-Sep-2024 18:46:31.098 INFO [http-nio-8080-exec-92] org.apache.catalina.core.ApplicationContext.log Manager: list: Listing contexts for virtual host 'localhost'
18-Sep-2024 18:46:31.100 INFO [http-nio-8080-exec-87] org.apache.catalina.core.ApplicationContext.log Manager: list: Listing contexts for virtual host 'localhost'
18-Sep-2024 18:46:31.106 INFO [http-nio-8080-exec-89] org.apache.catalina.core.ApplicationContext.log Manager: undeploy: Undeploying web application at '/SistemaRegistroDetendosPenales'
18-Sep-2024 18:46:31.657 INFO [http-nio-8080-exec-90] org.apache.catalina.core.ApplicationContext.log Manager: install: Installing context configuration at 'file:/C:/Users/jonii/AppData/Local/Temp/context2736697621489256384.xml'
18-Sep-2024 18:46:33.287 INFO [http-nio-8080-exec-84] org.apache.catalina.core.ApplicationContext.log Manager: start: Starting web application '/SistemaRegistroDetendosPenales'
18-Sep-2024 18:55:23.153 INFO [http-nio-8080-exec-101] org.apache.catalina.core.ApplicationContext.log Manager: list: Listing contexts for virtual host 'localhost'
18-Sep-2024 18:55:23.153 INFO [http-nio-8080-exec-102] org.apache.catalina.core.ApplicationContext.log Manager: list: Listing contexts for virtual host 'localhost'
18-Sep-2024 18:55:23.153 INFO [http-nio-8080-exec-96] org.apache.catalina.core.ApplicationContext.log Manager: undeploy: Undeploying web application at '/SistemaRegistroDetendosPenales'
18-Sep-2024 18:55:23.690 INFO [http-nio-8080-exec-99] org.apache.catalina.core.ApplicationContext.log Manager: install: Installing context configuration at 'file:/C:/Users/jonii/AppData/Local/Temp/context8149557526234642994.xml'
18-Sep-2024 18:55:25.162 INFO [http-nio-8080-exec-98] org.apache.catalina.core.ApplicationContext.log Manager: start: Starting web application '/SistemaRegistroDetendosPenales'
18-Sep-2024 19:39:37.993 INFO [http-nio-8080-exec-4] org.apache.catalina.core.ApplicationContext.log Manager: init: Associated with Deployer 'Catalina:type=Deployer,host=localhost'
18-Sep-2024 19:39:37.993 INFO [http-nio-8080-exec-4] org.apache.catalina.core.ApplicationContext.log Manager: init: Global resources are available
18-Sep-2024 19:41:18.447 INFO [http-nio-8080-exec-2] org.apache.catalina.core.ApplicationContext.log Manager: list: Listing contexts for virtual host 'localhost'
18-Sep-2024 19:41:18.451 INFO [http-nio-8080-exec-5] org.apache.catalina.core.ApplicationContext.log Manager: list: Listing contexts for virtual host 'localhost'
18-Sep-2024 19:41:18.451 INFO [http-nio-8080-exec-6] org.apache.catalina.core.ApplicationContext.log Manager: undeploy: Undeploying web application at '/SistemaRegistroDetendosPenales'
18-Sep-2024 19:41:19.011 INFO [http-nio-8080-exec-7] org.apache.catalina.core.ApplicationContext.log Manager: install: Installing context configuration at 'file:/C:/Users/jonii/AppData/Local/Temp/context8641214901204420824.xml'
18-Sep-2024 19:41:20.940 INFO [http-nio-8080-exec-8] org.apache.catalina.core.ApplicationContext.log Manager: start: Starting web application '/SistemaRegistroDetendosPenales'
18-Sep-2024 19:59:27.355 INFO [http-nio-8080-exec-14] org.apache.catalina.core.ApplicationContext.log Manager: list: Listing contexts for virtual host 'localhost'
18-Sep-2024 19:59:27.355 INFO [http-nio-8080-exec-13] org.apache.catalina.core.ApplicationContext.log Manager: list: Listing contexts for virtual host 'localhost'
18-Sep-2024 19:59:27.355 INFO [http-nio-8080-exec-16] org.apache.catalina.core.ApplicationContext.log Manager: undeploy: Undeploying web application at '/SistemaRegistroDetendosPenales'
18-Sep-2024 19:59:27.911 INFO [http-nio-8080-exec-20] org.apache.catalina.core.ApplicationContext.log Manager: install: Installing context configuration at 'file:/C:/Users/jonii/AppData/Local/Temp/context13155617951573004856.xml'
18-Sep-2024 19:59:29.715 INFO [http-nio-8080-exec-11] org.apache.catalina.core.ApplicationContext.log Manager: start: Starting web application '/SistemaRegistroDetendosPenales'
18-Sep-2024 20:01:10.778 INFO [http-nio-8080-exec-29] org.apache.catalina.core.ApplicationContext.log Manager: list: Listing contexts for virtual host 'localhost'
18-Sep-2024 20:01:10.781 INFO [http-nio-8080-exec-23] org.apache.catalina.core.ApplicationContext.log Manager: list: Listing contexts for virtual host 'localhost'
18-Sep-2024 20:01:10.788 INFO [http-nio-8080-exec-24] org.apache.catalina.core.ApplicationContext.log Manager: undeploy: Undeploying web application at '/SistemaRegistroDetendosPenales'
18-Sep-2024 20:01:11.357 INFO [http-nio-8080-exec-30] org.apache.catalina.core.ApplicationContext.log Manager: install: Installing context configuration at 'file:/C:/Users/jonii/AppData/Local/Temp/context7477392690803126079.xml'
18-Sep-2024 20:01:14.412 INFO [http-nio-8080-exec-25] org.apache.catalina.core.ApplicationContext.log Manager: start: Starting web application '/SistemaRegistroDetendosPenales'
18-Sep-2024 20:04:26.327 INFO [http-nio-8080-exec-36] org.apache.catalina.core.ApplicationContext.log Manager: list: Listing contexts for virtual host 'localhost'
18-Sep-2024 20:04:26.329 INFO [http-nio-8080-exec-31] org.apache.catalina.core.ApplicationContext.log Manager: list: Listing contexts for virtual host 'localhost'
18-Sep-2024 20:04:26.338 INFO [http-nio-8080-exec-38] org.apache.catalina.core.ApplicationContext.log Manager: undeploy: Undeploying web application at '/SistemaRegistroDetendosPenales'
18-Sep-2024 20:04:26.887 INFO [http-nio-8080-exec-39] org.apache.catalina.core.ApplicationContext.log Manager: install: Installing context configuration at 'file:/C:/Users/jonii/AppData/Local/Temp/context34812660006801052.xml'
18-Sep-2024 20:04:28.577 INFO [http-nio-8080-exec-36] org.apache.catalina.core.ApplicationContext.log Manager: start: Starting web application '/SistemaRegistroDetendosPenales'
18-Sep-2024 20:05:41.235 INFO [http-nio-8080-exec-46] org.apache.catalina.core.ApplicationContext.log Manager: list: Listing contexts for virtual host 'localhost'
18-Sep-2024 20:05:41.237 INFO [http-nio-8080-exec-41] org.apache.catalina.core.ApplicationContext.log Manager: list: Listing contexts for virtual host 'localhost'
18-Sep-2024 20:05:41.245 INFO [http-nio-8080-exec-47] org.apache.catalina.core.ApplicationContext.log Manager: undeploy: Undeploying web application at '/SistemaRegistroDetendosPenales'
18-Sep-2024 20:05:41.777 INFO [http-nio-8080-exec-45] org.apache.catalina.core.ApplicationContext.log Manager: install: Installing context configuration at 'file:/C:/Users/jonii/AppData/Local/Temp/context10939672393538252942.xml'
18-Sep-2024 20:05:43.396 INFO [http-nio-8080-exec-50] org.apache.catalina.core.ApplicationContext.log Manager: start: Starting web application '/SistemaRegistroDetendosPenales'
18-Sep-2024 20:09:33.995 INFO [http-nio-8080-exec-53] org.apache.catalina.core.ApplicationContext.log Manager: list: Listing contexts for virtual host 'localhost'
18-Sep-2024 20:09:33.997 INFO [http-nio-8080-exec-57] org.apache.catalina.core.ApplicationContext.log Manager: list: Listing contexts for virtual host 'localhost'
18-Sep-2024 20:09:34.004 INFO [http-nio-8080-exec-58] org.apache.catalina.core.ApplicationContext.log Manager: undeploy: Undeploying web application at '/SistemaRegistroDetendosPenales'
18-Sep-2024 20:09:34.563 INFO [http-nio-8080-exec-56] org.apache.catalina.core.ApplicationContext.log Manager: install: Installing context configuration at 'file:/C:/Users/jonii/AppData/Local/Temp/context9749354515895662631.xml'
18-Sep-2024 20:09:36.424 INFO [http-nio-8080-exec-52] org.apache.catalina.core.ApplicationContext.log Manager: start: Starting web application '/SistemaRegistroDetendosPenales'
18-Sep-2024 20:11:22.524 INFO [http-nio-8080-exec-69] org.apache.catalina.core.ApplicationContext.log Manager: list: Listing contexts for virtual host 'localhost'
18-Sep-2024 20:11:22.526 INFO [http-nio-8080-exec-65] org.apache.catalina.core.ApplicationContext.log Manager: list: Listing contexts for virtual host 'localhost'
18-Sep-2024 20:11:22.533 INFO [http-nio-8080-exec-61] org.apache.catalina.core.ApplicationContext.log Manager: undeploy: Undeploying web application at '/SistemaRegistroDetendosPenales'
18-Sep-2024 20:11:23.069 INFO [http-nio-8080-exec-69] org.apache.catalina.core.ApplicationContext.log Manager: install: Installing context configuration at 'file:/C:/Users/jonii/AppData/Local/Temp/context11728562538684074372.xml'
18-Sep-2024 20:11:24.663 INFO [http-nio-8080-exec-68] org.apache.catalina.core.ApplicationContext.log Manager: start: Starting web application '/SistemaRegistroDetendosPenales'
18-Sep-2024 20:13:38.311 INFO [http-nio-8080-exec-74] org.apache.catalina.core.ApplicationContext.log Manager: list: Listing contexts for virtual host 'localhost'
18-Sep-2024 20:13:38.313 INFO [http-nio-8080-exec-73] org.apache.catalina.core.ApplicationContext.log Manager: list: Listing contexts for virtual host 'localhost'
18-Sep-2024 20:13:38.321 INFO [http-nio-8080-exec-75] org.apache.catalina.core.ApplicationContext.log Manager: undeploy: Undeploying web application at '/SistemaRegistroDetendosPenales'
18-Sep-2024 20:13:38.870 INFO [http-nio-8080-exec-71] org.apache.catalina.core.ApplicationContext.log Manager: install: Installing context configuration at 'file:/C:/Users/jonii/AppData/Local/Temp/context3763386088031445018.xml'
18-Sep-2024 20:13:40.398 INFO [http-nio-8080-exec-78] org.apache.catalina.core.ApplicationContext.log Manager: start: Starting web application '/SistemaRegistroDetendosPenales'
18-Sep-2024 20:18:48.893 INFO [http-nio-8080-exec-90] org.apache.catalina.core.ApplicationContext.log Manager: list: Listing contexts for virtual host 'localhost'
18-Sep-2024 20:18:48.895 INFO [http-nio-8080-exec-82] org.apache.catalina.core.ApplicationContext.log Manager: list: Listing contexts for virtual host 'localhost'
18-Sep-2024 20:18:48.902 INFO [http-nio-8080-exec-83] org.apache.catalina.core.ApplicationContext.log Manager: undeploy: Undeploying web application at '/SistemaRegistroDetendosPenales'
18-Sep-2024 20:18:49.440 INFO [http-nio-8080-exec-81] org.apache.catalina.core.ApplicationContext.log Manager: install: Installing context configuration at 'file:/C:/Users/jonii/AppData/Local/Temp/context12220720100094402647.xml'
18-Sep-2024 20:18:51.137 INFO [http-nio-8080-exec-85] org.apache.catalina.core.ApplicationContext.log Manager: start: Starting web application '/SistemaRegistroDetendosPenales'
18-Sep-2024 20:25:34.257 INFO [http-nio-8080-exec-94] org.apache.catalina.core.ApplicationContext.log Manager: list: Listing contexts for virtual host 'localhost'
18-Sep-2024 20:25:34.259 INFO [http-nio-8080-exec-98] org.apache.catalina.core.ApplicationContext.log Manager: list: Listing contexts for virtual host 'localhost'
18-Sep-2024 20:25:34.265 INFO [http-nio-8080-exec-100] org.apache.catalina.core.ApplicationContext.log Manager: undeploy: Undeploying web application at '/SistemaRegistroDetendosPenales'
18-Sep-2024 20:25:34.808 INFO [http-nio-8080-exec-99] org.apache.catalina.core.ApplicationContext.log Manager: install: Installing context configuration at 'file:/C:/Users/jonii/AppData/Local/Temp/context16053251992408338597.xml'
18-Sep-2024 20:25:36.468 INFO [http-nio-8080-exec-92] org.apache.catalina.core.ApplicationContext.log Manager: start: Starting web application '/SistemaRegistroDetendosPenales'
18-Sep-2024 20:27:56.441 INFO [http-nio-8080-exec-110] org.apache.catalina.core.ApplicationContext.log Manager: list: Listing contexts for virtual host 'localhost'
18-Sep-2024 20:27:56.443 INFO [http-nio-8080-exec-105] org.apache.catalina.core.ApplicationContext.log Manager: list: Listing contexts for virtual host 'localhost'
18-Sep-2024 20:27:56.451 INFO [http-nio-8080-exec-109] org.apache.catalina.core.ApplicationContext.log Manager: undeploy: Undeploying web application at '/SistemaRegistroDetendosPenales'
18-Sep-2024 20:27:56.994 INFO [http-nio-8080-exec-110] org.apache.catalina.core.ApplicationContext.log Manager: install: Installing context configuration at 'file:/C:/Users/jonii/AppData/Local/Temp/context18000259116036160248.xml'
18-Sep-2024 20:27:58.571 INFO [http-nio-8080-exec-103] org.apache.catalina.core.ApplicationContext.log Manager: start: Starting web application '/SistemaRegistroDetendosPenales'
18-Sep-2024 20:31:31.258 INFO [http-nio-8080-exec-114] org.apache.catalina.core.ApplicationContext.log Manager: list: Listing contexts for virtual host 'localhost'
18-Sep-2024 20:31:31.260 INFO [http-nio-8080-exec-115] org.apache.catalina.core.ApplicationContext.log Manager: list: Listing contexts for virtual host 'localhost'
18-Sep-2024 20:31:31.267 INFO [http-nio-8080-exec-119] org.apache.catalina.core.ApplicationContext.log Manager: undeploy: Undeploying web application at '/SistemaRegistroDetendosPenales'
18-Sep-2024 20:31:31.817 INFO [http-nio-8080-exec-112] org.apache.catalina.core.ApplicationContext.log Manager: install: Installing context configuration at 'file:/C:/Users/jonii/AppData/Local/Temp/context5043485882823413163.xml'
18-Sep-2024 20:31:33.485 INFO [http-nio-8080-exec-118] org.apache.catalina.core.ApplicationContext.log Manager: start: Starting web application '/SistemaRegistroDetendosPenales'
18-Sep-2024 20:35:03.572 INFO [http-nio-8080-exec-128] org.apache.catalina.core.ApplicationContext.log Manager: list: Listing contexts for virtual host 'localhost'
18-Sep-2024 20:35:03.574 INFO [http-nio-8080-exec-125] org.apache.catalina.core.ApplicationContext.log Manager: list: Listing contexts for virtual host 'localhost'
18-Sep-2024 20:35:03.583 INFO [http-nio-8080-exec-129] org.apache.catalina.core.ApplicationContext.log Manager: undeploy: Undeploying web application at '/SistemaRegistroDetendosPenales'
18-Sep-2024 20:35:04.127 INFO [http-nio-8080-exec-130] org.apache.catalina.core.ApplicationContext.log Manager: install: Installing context configuration at 'file:/C:/Users/jonii/AppData/Local/Temp/context4154900422770345996.xml'
18-Sep-2024 20:35:05.779 INFO [http-nio-8080-exec-127] org.apache.catalina.core.ApplicationContext.log Manager: start: Starting web application '/SistemaRegistroDetendosPenales'
18-Sep-2024 20:48:35.456 INFO [http-nio-8080-exec-132] org.apache.catalina.core.ApplicationContext.log Manager: list: Listing contexts for virtual host 'localhost'
18-Sep-2024 20:48:35.458 INFO [http-nio-8080-exec-137] org.apache.catalina.core.ApplicationContext.log Manager: list: Listing contexts for virtual host 'localhost'
18-Sep-2024 20:48:35.465 INFO [http-nio-8080-exec-133] org.apache.catalina.core.ApplicationContext.log Manager: undeploy: Undeploying web application at '/SistemaRegistroDetendosPenales'
18-Sep-2024 20:48:36.001 INFO [http-nio-8080-exec-137] org.apache.catalina.core.ApplicationContext.log Manager: install: Installing context configuration at 'file:/C:/Users/jonii/AppData/Local/Temp/context11425724556048877878.xml'
18-Sep-2024 20:48:37.580 INFO [http-nio-8080-exec-132] org.apache.catalina.core.ApplicationContext.log Manager: start: Starting web application '/SistemaRegistroDetendosPenales'
18-Sep-2024 20:54:46.121 INFO [http-nio-8080-exec-142] org.apache.catalina.core.ApplicationContext.log Manager: list: Listing contexts for virtual host 'localhost'
18-Sep-2024 20:54:46.123 INFO [http-nio-8080-exec-147] org.apache.catalina.core.ApplicationContext.log Manager: list: Listing contexts for virtual host 'localhost'
18-Sep-2024 20:54:46.133 INFO [http-nio-8080-exec-146] org.apache.catalina.core.ApplicationContext.log Manager: undeploy: Undeploying web application at '/SistemaRegistroDetendosPenales'
18-Sep-2024 20:54:46.687 INFO [http-nio-8080-exec-149] org.apache.catalina.core.ApplicationContext.log Manager: install: Installing context configuration at 'file:/C:/Users/jonii/AppData/Local/Temp/context16874510498901978091.xml'
18-Sep-2024 20:54:48.495 INFO [http-nio-8080-exec-148] org.apache.catalina.core.ApplicationContext.log Manager: start: Starting web application '/SistemaRegistroDetendosPenales'
18-Sep-2024 21:03:54.886 INFO [http-nio-8080-exec-155] org.apache.catalina.core.ApplicationContext.log Manager: list: Listing contexts for virtual host 'localhost'
18-Sep-2024 21:03:54.888 INFO [http-nio-8080-exec-159] org.apache.catalina.core.ApplicationContext.log Manager: list: Listing contexts for virtual host 'localhost'
18-Sep-2024 21:03:54.893 INFO [http-nio-8080-exec-156] org.apache.catalina.core.ApplicationContext.log Manager: undeploy: Undeploying web application at '/SistemaRegistroDetendosPenales'
18-Sep-2024 21:03:55.434 INFO [http-nio-8080-exec-154] org.apache.catalina.core.ApplicationContext.log Manager: install: Installing context configuration at 'file:/C:/Users/jonii/AppData/Local/Temp/context886574401385208054.xml'
18-Sep-2024 21:03:57.034 INFO [http-nio-8080-exec-160] org.apache.catalina.core.ApplicationContext.log Manager: start: Starting web application '/SistemaRegistroDetendosPenales'
18-Sep-2024 21:11:46.587 INFO [http-nio-8080-exec-167] org.apache.catalina.core.ApplicationContext.log Manager: list: Listing contexts for virtual host 'localhost'
18-Sep-2024 21:11:46.589 INFO [http-nio-8080-exec-170] org.apache.catalina.core.ApplicationContext.log Manager: list: Listing contexts for virtual host 'localhost'
18-Sep-2024 21:11:46.595 INFO [http-nio-8080-exec-168] org.apache.catalina.core.ApplicationContext.log Manager: undeploy: Undeploying web application at '/SistemaRegistroDetendosPenales'
18-Sep-2024 21:11:47.210 INFO [http-nio-8080-exec-162] org.apache.catalina.core.ApplicationContext.log Manager: install: Installing context configuration at 'file:/C:/Users/jonii/AppData/Local/Temp/context10101994656218743387.xml'
18-Sep-2024 21:11:48.604 INFO [http-nio-8080-exec-164] org.apache.catalina.core.ApplicationContext.log Manager: start: Starting web application '/SistemaRegistroDetendosPenales'
